python.exe download_images.py --urls bedrooms.txt --output images\bedrooms
[INFO] downloaded: images\bedrooms\00000000.jpg
[INFO] downloaded: images\bedrooms\00000001.jpg
[INFO] downloaded: images\bedrooms\00000002.jpg
[INFO] downloaded: images\bedrooms\00000003.jpg
[INFO] downloaded: images\bedrooms\00000004.jpg
[INFO] downloaded: images\bedrooms\00000005.jpg
[INFO] downloaded: images\bedrooms\00000006.jpg
[INFO] downloaded: images\bedrooms\00000007.jpg
[INFO] downloaded: images\bedrooms\00000008.jpg
[INFO] downloaded: images\bedrooms\00000009.jpg
[INFO] downloaded: images\bedrooms\00000010.jpg
[INFO] downloaded: images\bedrooms\00000011.jpg
[INFO] downloaded: images\bedrooms\00000012.jpg
[INFO] downloaded: images\bedrooms\00000013.jpg
[INFO] downloaded: images\bedrooms\00000014.jpg
[INFO] downloaded: images\bedrooms\00000015.jpg
[INFO] downloaded: images\bedrooms\00000016.jpg
[INFO] downloaded: images\bedrooms\00000017.jpg
[INFO] downloaded: images\bedrooms\00000018.jpg
[INFO] downloaded: images\bedrooms\00000019.jpg
[INFO] downloaded: images\bedrooms\00000020.jpg
[INFO] downloaded: images\bedrooms\00000021.jpg
[INFO] downloaded: images\bedrooms\00000022.jpg
[INFO] downloaded: images\bedrooms\00000023.jpg
[INFO] downloaded: images\bedrooms\00000024.jpg
[INFO] downloaded: images\bedrooms\00000025.jpg
[INFO] downloaded: images\bedrooms\00000026.jpg
[INFO] downloaded: images\bedrooms\00000027.jpg
[INFO] downloaded: images\bedrooms\00000028.jpg
[INFO] downloaded: images\bedrooms\00000029.jpg
[INFO] downloaded: images\bedrooms\00000030.jpg
[INFO] downloaded: images\bedrooms\00000031.jpg
[INFO] error downloading images\bedrooms\00000031.jpg...skipping
[ERROR] error downloading https://www.esfwholesalefurniture.com/images/product/fullsize/Bedroom-Furniture_Modern-Bedrooms_Platinum-Legno-Bedroom.gif
HTTPSConnectionPool(host='www.esfwholesalefurniture.com', port=443): Max retries exceeded with url: /images/product/fullsize/Bedroom-Furniture_Modern-Bedrooms_Platinum-Legno-Bedroom.gif (Caused by SSLError(SSLCertVerificationError(1, '[SSL: CERTIFICATE_VERIFY_FAILED] certificate verify failed: unable to get local issuer certificate (_ssl.c:1076)')))
[INFO] downloaded: images\bedrooms\00000032.jpg
[INFO] downloaded: images\bedrooms\00000033.jpg
[INFO] downloaded: images\bedrooms\00000034.jpg
[INFO] downloaded: images\bedrooms\00000035.jpg
[INFO] downloaded: images\bedrooms\00000036.jpg
[INFO] downloaded: images\bedrooms\00000037.jpg
[INFO] downloaded: images\bedrooms\00000038.jpg
[INFO] downloaded: images\bedrooms\00000039.jpg
[INFO] downloaded: images\bedrooms\00000040.jpg
[INFO] downloaded: images\bedrooms\00000041.jpg
[INFO] downloaded: images\bedrooms\00000042.jpg
[INFO] downloaded: images\bedrooms\00000043.jpg
[INFO] downloaded: images\bedrooms\00000044.jpg
[INFO] downloaded: images\bedrooms\00000045.jpg
[INFO] downloaded: images\bedrooms\00000046.jpg
[INFO] downloaded: images\bedrooms\00000047.jpg
[INFO] downloaded: images\bedrooms\00000048.jpg
[INFO] downloaded: images\bedrooms\00000049.jpg
[INFO] downloaded: images\bedrooms\00000050.jpg
[INFO] downloaded: images\bedrooms\00000051.jpg
[INFO] downloaded: images\bedrooms\00000052.jpg
[INFO] downloaded: images\bedrooms\00000053.jpg
[INFO] downloaded: images\bedrooms\00000054.jpg
[INFO] downloaded: images\bedrooms\00000055.jpg
[INFO] downloaded: images\bedrooms\00000056.jpg
[INFO] downloaded: images\bedrooms\00000057.jpg
[INFO] downloaded: images\bedrooms\00000058.jpg
[INFO] downloaded: images\bedrooms\00000059.jpg
[INFO] downloaded: images\bedrooms\00000060.jpg
[INFO] downloaded: images\bedrooms\00000061.jpg
[INFO] downloaded: images\bedrooms\00000062.jpg
[INFO] downloaded: images\bedrooms\00000063.jpg
[INFO] downloaded: images\bedrooms\00000064.jpg
[INFO] downloaded: images\bedrooms\00000065.jpg
[INFO] downloaded: images\bedrooms\00000066.jpg
[INFO] downloaded: images\bedrooms\00000067.jpg
[INFO] downloaded: images\bedrooms\00000068.jpg
[INFO] downloaded: images\bedrooms\00000069.jpg
[INFO] downloaded: images\bedrooms\00000070.jpg
[INFO] downloaded: images\bedrooms\00000071.jpg
[INFO] downloaded: images\bedrooms\00000072.jpg
[INFO] downloaded: images\bedrooms\00000073.jpg
[INFO] downloaded: images\bedrooms\00000074.jpg
[INFO] downloaded: images\bedrooms\00000075.jpg
[INFO] downloaded: images\bedrooms\00000076.jpg
[INFO] downloaded: images\bedrooms\00000077.jpg
[INFO] downloaded: images\bedrooms\00000078.jpg
[INFO] downloaded: images\bedrooms\00000079.jpg
[INFO] downloaded: images\bedrooms\00000080.jpg
[INFO] downloaded: images\bedrooms\00000081.jpg
[INFO] downloaded: images\bedrooms\00000082.jpg
[INFO] downloaded: images\bedrooms\00000083.jpg
[INFO] downloaded: images\bedrooms\00000084.jpg
[INFO] downloaded: images\bedrooms\00000085.jpg
[INFO] downloaded: images\bedrooms\00000086.jpg
[INFO] downloaded: images\bedrooms\00000087.jpg
[INFO] downloaded: images\bedrooms\00000088.jpg
[INFO] downloaded: images\bedrooms\00000089.jpg
[INFO] downloaded: images\bedrooms\00000090.jpg
[INFO] downloaded: images\bedrooms\00000091.jpg
[INFO] downloaded: images\bedrooms\00000092.jpg
[INFO] downloaded: images\bedrooms\00000093.jpg
[INFO] downloaded: images\bedrooms\00000094.jpg
[INFO] downloaded: images\bedrooms\00000095.jpg
[INFO] downloaded: images\bedrooms\00000096.jpg
[INFO] downloaded: images\bedrooms\00000097.jpg
[INFO] downloaded: images\bedrooms\00000098.jpg
[INFO] downloaded: images\bedrooms\00000099.jpg
[INFO] downloaded: images\bedrooms\00000100.jpg
[INFO] downloaded: images\bedrooms\00000101.jpg
[INFO] downloaded: images\bedrooms\00000102.jpg
[INFO] downloaded: images\bedrooms\00000103.jpg
[INFO] downloaded: images\bedrooms\00000104.jpg
[INFO] downloaded: images\bedrooms\00000105.jpg
[INFO] downloaded: images\bedrooms\00000106.jpg
[INFO] downloaded: images\bedrooms\00000107.jpg
[INFO] downloaded: images\bedrooms\00000108.jpg
[INFO] downloaded: images\bedrooms\00000109.jpg
[INFO] downloaded: images\bedrooms\00000110.jpg
[INFO] downloaded: images\bedrooms\00000111.jpg
[INFO] downloaded: images\bedrooms\00000112.jpg
[INFO] downloaded: images\bedrooms\00000113.jpg
[INFO] downloaded: images\bedrooms\00000114.jpg
[INFO] downloaded: images\bedrooms\00000115.jpg
[INFO] downloaded: images\bedrooms\00000116.jpg
[INFO] downloaded: images\bedrooms\00000117.jpg
[INFO] downloaded: images\bedrooms\00000118.jpg
[INFO] downloaded: images\bedrooms\00000119.jpg
[INFO] error downloading images\bedrooms\00000119.jpg...skipping
[ERROR] error downloading https://www.esfwholesalefurniture.com/images/product/detail/Bedroom-Furniture_Modern-Bedrooms_Evolution-Bedroom.jpg
HTTPSConnectionPool(host='www.esfwholesalefurniture.com', port=443): Max retries exceeded with url: /images/product/detail/Bedroom-Furniture_Modern-Bedrooms_Evolution-Bedroom.jpg (Caused by SSLError(SSLCertVerificationError(1, '[SSL: CERTIFICATE_VERIFY_FAILED] certificate verify failed: unable to get local issuer certificate (_ssl.c:1076)')))
[INFO] downloaded: images\bedrooms\00000120.jpg
[INFO] downloaded: images\bedrooms\00000121.jpg
[INFO] downloaded: images\bedrooms\00000122.jpg
[INFO] downloaded: images\bedrooms\00000123.jpg
[INFO] downloaded: images\bedrooms\00000124.jpg
[INFO] downloaded: images\bedrooms\00000125.jpg
[INFO] downloaded: images\bedrooms\00000126.jpg
[INFO] downloaded: images\bedrooms\00000127.jpg
[INFO] downloaded: images\bedrooms\00000128.jpg
[INFO] downloaded: images\bedrooms\00000129.jpg
[INFO] error downloading images\bedrooms\00000129.jpg...skipping
[ERROR] error downloading https://www.lowes.ca/-/media/lowes/images/ideas-how-tos/ideas%20and%20inspiration/10%20chic%20small%20bedroom%20ideas/small-bedroom-built-in-shelf-1015x571.jpg?h=571&w=1015&la=en-CA&hash=089EB02861DC4E18A1830A2D590E33F50DADBAEF
HTTPSConnectionPool(host='www.lowes.ca', port=443): Read timed out. (read timeout=60)
[INFO] downloaded: images\bedrooms\00000130.jpg
[INFO] downloaded: images\bedrooms\00000131.jpg
[INFO] downloaded: images\bedrooms\00000132.jpg
[INFO] downloaded: images\bedrooms\00000133.jpg
[INFO] downloaded: images\bedrooms\00000134.jpg
[INFO] downloaded: images\bedrooms\00000135.jpg
[INFO] downloaded: images\bedrooms\00000136.jpg
[INFO] downloaded: images\bedrooms\00000137.jpg
[INFO] downloaded: images\bedrooms\00000138.jpg
[INFO] downloaded: images\bedrooms\00000139.jpg
[INFO] downloaded: images\bedrooms\00000140.jpg
[INFO] downloaded: images\bedrooms\00000141.jpg
[INFO] downloaded: images\bedrooms\00000142.jpg
[INFO] downloaded: images\bedrooms\00000143.jpg
[INFO] downloaded: images\bedrooms\00000144.jpg
[INFO] downloaded: images\bedrooms\00000145.jpg
[INFO] downloaded: images\bedrooms\00000146.jpg
[INFO] downloaded: images\bedrooms\00000147.jpg
[INFO] downloaded: images\bedrooms\00000148.jpg
[INFO] downloaded: images\bedrooms\00000149.jpg
[INFO] downloaded: images\bedrooms\00000150.jpg
[INFO] downloaded: images\bedrooms\00000151.jpg
[INFO] downloaded: images\bedrooms\00000152.jpg
[INFO] downloaded: images\bedrooms\00000153.jpg
[INFO] downloaded: images\bedrooms\00000154.jpg
[INFO] downloaded: images\bedrooms\00000155.jpg
[INFO] downloaded: images\bedrooms\00000156.jpg
[INFO] downloaded: images\bedrooms\00000157.jpg
[INFO] downloaded: images\bedrooms\00000158.jpg
[INFO] downloaded: images\bedrooms\00000159.jpg
[INFO] downloaded: images\bedrooms\00000160.jpg
[INFO] downloaded: images\bedrooms\00000161.jpg
[INFO] downloaded: images\bedrooms\00000162.jpg
[INFO] downloaded: images\bedrooms\00000163.jpg
[INFO] downloaded: images\bedrooms\00000164.jpg
[INFO] downloaded: images\bedrooms\00000165.jpg
[INFO] downloaded: images\bedrooms\00000166.jpg
[INFO] downloaded: images\bedrooms\00000167.jpg
[INFO] downloaded: images\bedrooms\00000168.jpg
[INFO] downloaded: images\bedrooms\00000169.jpg
[INFO] downloaded: images\bedrooms\00000170.jpg
[INFO] downloaded: images\bedrooms\00000171.jpg
[INFO] downloaded: images\bedrooms\00000172.jpg
[INFO] downloaded: images\bedrooms\00000173.jpg
[INFO] downloaded: images\bedrooms\00000174.jpg
[INFO] downloaded: images\bedrooms\00000175.jpg
[INFO] downloaded: images\bedrooms\00000176.jpg
[INFO] downloaded: images\bedrooms\00000177.jpg
[INFO] downloaded: images\bedrooms\00000178.jpg
[INFO] downloaded: images\bedrooms\00000179.jpg
[INFO] downloaded: images\bedrooms\00000180.jpg
[INFO] downloaded: images\bedrooms\00000181.jpg
[INFO] downloaded: images\bedrooms\00000182.jpg
[INFO] downloaded: images\bedrooms\00000183.jpg
[INFO] downloaded: images\bedrooms\00000184.jpg
[INFO] downloaded: images\bedrooms\00000185.jpg
[INFO] downloaded: images\bedrooms\00000186.jpg
[INFO] downloaded: images\bedrooms\00000187.jpg
[INFO] downloaded: images\bedrooms\00000188.jpg
[INFO] downloaded: images\bedrooms\00000189.jpg
[INFO] downloaded: images\bedrooms\00000190.jpg
[INFO] downloaded: images\bedrooms\00000191.jpg
[INFO] downloaded: images\bedrooms\00000192.jpg
[INFO] downloaded: images\bedrooms\00000193.jpg
[INFO] downloaded: images\bedrooms\00000194.jpg
[INFO] downloaded: images\bedrooms\00000195.jpg
[INFO] downloaded: images\bedrooms\00000196.jpg
[INFO] downloaded: images\bedrooms\00000197.jpg
[INFO] downloaded: images\bedrooms\00000198.jpg
[INFO] downloaded: images\bedrooms\00000199.jpg
[INFO] downloaded: images\bedrooms\00000200.jpg
[INFO] downloaded: images\bedrooms\00000201.jpg
[INFO] downloaded: images\bedrooms\00000202.jpg
[INFO] downloaded: images\bedrooms\00000203.jpg
[INFO] downloaded: images\bedrooms\00000204.jpg
[INFO] downloaded: images\bedrooms\00000205.jpg
[INFO] downloaded: images\bedrooms\00000206.jpg
[INFO] downloaded: images\bedrooms\00000207.jpg
[INFO] downloaded: images\bedrooms\00000208.jpg
[INFO] downloaded: images\bedrooms\00000209.jpg
[INFO] downloaded: images\bedrooms\00000210.jpg
[INFO] downloaded: images\bedrooms\00000211.jpg
[INFO] downloaded: images\bedrooms\00000212.jpg
[INFO] downloaded: images\bedrooms\00000213.jpg
[INFO] downloaded: images\bedrooms\00000214.jpg
[INFO] downloaded: images\bedrooms\00000215.jpg
[INFO] downloaded: images\bedrooms\00000216.jpg
[INFO] downloaded: images\bedrooms\00000217.jpg
[INFO] downloaded: images\bedrooms\00000218.jpg
[INFO] downloaded: images\bedrooms\00000219.jpg
[INFO] downloaded: images\bedrooms\00000220.jpg
[INFO] downloaded: images\bedrooms\00000221.jpg
[INFO] downloaded: images\bedrooms\00000222.jpg
[INFO] downloaded: images\bedrooms\00000223.jpg
[INFO] downloaded: images\bedrooms\00000224.jpg
[INFO] downloaded: images\bedrooms\00000225.jpg
[INFO] downloaded: images\bedrooms\00000226.jpg
[INFO] downloaded: images\bedrooms\00000227.jpg
[INFO] downloaded: images\bedrooms\00000228.jpg
[INFO] downloaded: images\bedrooms\00000229.jpg
[INFO] downloaded: images\bedrooms\00000230.jpg
[INFO] downloaded: images\bedrooms\00000231.jpg
[INFO] downloaded: images\bedrooms\00000232.jpg
[INFO] downloaded: images\bedrooms\00000233.jpg
[INFO] downloaded: images\bedrooms\00000234.jpg
[INFO] downloaded: images\bedrooms\00000235.jpg
[INFO] downloaded: images\bedrooms\00000236.jpg
[INFO] downloaded: images\bedrooms\00000237.jpg
[INFO] downloaded: images\bedrooms\00000238.jpg
[INFO] downloaded: images\bedrooms\00000239.jpg
[INFO] downloaded: images\bedrooms\00000240.jpg
[INFO] downloaded: images\bedrooms\00000241.jpg
[INFO] downloaded: images\bedrooms\00000242.jpg
[INFO] downloaded: images\bedrooms\00000243.jpg
[INFO] downloaded: images\bedrooms\00000244.jpg
[INFO] downloaded: images\bedrooms\00000245.jpg
[INFO] downloaded: images\bedrooms\00000246.jpg
[INFO] downloaded: images\bedrooms\00000247.jpg
[INFO] downloaded: images\bedrooms\00000248.jpg
[INFO] downloaded: images\bedrooms\00000249.jpg
[INFO] downloaded: images\bedrooms\00000250.jpg
[INFO] downloaded: images\bedrooms\00000251.jpg
[INFO] downloaded: images\bedrooms\00000252.jpg
[INFO] downloaded: images\bedrooms\00000253.jpg
[INFO] downloaded: images\bedrooms\00000254.jpg
[INFO] downloaded: images\bedrooms\00000255.jpg
[INFO] downloaded: images\bedrooms\00000256.jpg
[INFO] downloaded: images\bedrooms\00000257.jpg
[INFO] downloaded: images\bedrooms\00000258.jpg
[INFO] downloaded: images\bedrooms\00000259.jpg
[INFO] downloaded: images\bedrooms\00000260.jpg
[INFO] downloaded: images\bedrooms\00000261.jpg
[INFO] downloaded: images\bedrooms\00000262.jpg
[INFO] downloaded: images\bedrooms\00000263.jpg
[INFO] downloaded: images\bedrooms\00000264.jpg
[INFO] downloaded: images\bedrooms\00000265.jpg
[INFO] downloaded: images\bedrooms\00000266.jpg
[INFO] downloaded: images\bedrooms\00000267.jpg
[INFO] downloaded: images\bedrooms\00000268.jpg
[INFO] downloaded: images\bedrooms\00000269.jpg
[INFO] downloaded: images\bedrooms\00000270.jpg
[INFO] downloaded: images\bedrooms\00000271.jpg
[INFO] downloaded: images\bedrooms\00000272.jpg
[INFO] downloaded: images\bedrooms\00000273.jpg
[INFO] downloaded: images\bedrooms\00000274.jpg
[INFO] downloaded: images\bedrooms\00000275.jpg
[INFO] downloaded: images\bedrooms\00000276.jpg
[INFO] downloaded: images\bedrooms\00000277.jpg
[INFO] downloaded: images\bedrooms\00000278.jpg
[INFO] downloaded: images\bedrooms\00000279.jpg
[INFO] downloaded: images\bedrooms\00000280.jpg
[INFO] downloaded: images\bedrooms\00000281.jpg
[INFO] downloaded: images\bedrooms\00000282.jpg
[INFO] downloaded: images\bedrooms\00000283.jpg
[INFO] downloaded: images\bedrooms\00000284.jpg
[INFO] downloaded: images\bedrooms\00000285.jpg
[INFO] downloaded: images\bedrooms\00000286.jpg
[INFO] downloaded: images\bedrooms\00000287.jpg
[INFO] downloaded: images\bedrooms\00000288.jpg
[INFO] downloaded: images\bedrooms\00000289.jpg
[INFO] downloaded: images\bedrooms\00000290.jpg
[INFO] downloaded: images\bedrooms\00000291.jpg
[INFO] downloaded: images\bedrooms\00000292.jpg
[INFO] downloaded: images\bedrooms\00000293.jpg
[INFO] downloaded: images\bedrooms\00000294.jpg
[INFO] downloaded: images\bedrooms\00000295.jpg
[INFO] downloaded: images\bedrooms\00000296.jpg
[INFO] downloaded: images\bedrooms\00000297.jpg
[INFO] downloaded: images\bedrooms\00000298.jpg
[INFO] downloaded: images\bedrooms\00000299.jpg
[INFO] downloaded: images\bedrooms\00000300.jpg
[INFO] downloaded: images\bedrooms\00000301.jpg
[INFO] downloaded: images\bedrooms\00000302.jpg
[INFO] downloaded: images\bedrooms\00000303.jpg
[INFO] downloaded: images\bedrooms\00000304.jpg
[INFO] downloaded: images\bedrooms\00000305.jpg
[INFO] downloaded: images\bedrooms\00000306.jpg
[INFO] downloaded: images\bedrooms\00000307.jpg
[INFO] downloaded: images\bedrooms\00000308.jpg
[INFO] downloaded: images\bedrooms\00000309.jpg
[INFO] downloaded: images\bedrooms\00000310.jpg
[INFO] downloaded: images\bedrooms\00000311.jpg
[INFO] downloaded: images\bedrooms\00000312.jpg
[INFO] downloaded: images\bedrooms\00000313.jpg
[INFO] downloaded: images\bedrooms\00000314.jpg
[INFO] downloaded: images\bedrooms\00000315.jpg
[INFO] downloaded: images\bedrooms\00000316.jpg
[INFO] downloaded: images\bedrooms\00000317.jpg
[INFO] downloaded: images\bedrooms\00000318.jpg
[INFO] downloaded: images\bedrooms\00000319.jpg
[INFO] downloaded: images\bedrooms\00000320.jpg
[INFO] downloaded: images\bedrooms\00000321.jpg
[INFO] downloaded: images\bedrooms\00000322.jpg
[INFO] downloaded: images\bedrooms\00000323.jpg
[INFO] downloaded: images\bedrooms\00000324.jpg
[INFO] downloaded: images\bedrooms\00000325.jpg
[INFO] downloaded: images\bedrooms\00000326.jpg
[INFO] downloaded: images\bedrooms\00000327.jpg
[INFO] downloaded: images\bedrooms\00000328.jpg
[INFO] downloaded: images\bedrooms\00000329.jpg
[INFO] downloaded: images\bedrooms\00000330.jpg
[INFO] downloaded: images\bedrooms\00000331.jpg
[INFO] downloaded: images\bedrooms\00000332.jpg
[INFO] downloaded: images\bedrooms\00000333.jpg
[INFO] downloaded: images\bedrooms\00000334.jpg
[INFO] downloaded: images\bedrooms\00000335.jpg
[INFO] downloaded: images\bedrooms\00000336.jpg
[INFO] downloaded: images\bedrooms\00000337.jpg
[INFO] downloaded: images\bedrooms\00000338.jpg
[INFO] downloaded: images\bedrooms\00000339.jpg
[INFO] downloaded: images\bedrooms\00000340.jpg
[INFO] downloaded: images\bedrooms\00000341.jpg
[INFO] downloaded: images\bedrooms\00000342.jpg
[INFO] downloaded: images\bedrooms\00000343.jpg
[INFO] error downloading images\bedrooms\00000343.jpg...skipping
[ERROR] error downloading https://www.famsafurniture.com/assets/custom/img/FamsaWebPage/LandingPage/SubCategories/Bedroom-resized.jpg
HTTPSConnectionPool(host='www.famsafurniture.com', port=443): Max retries exceeded with url: /assets/custom/img/FamsaWebPage/LandingPage/SubCategories/Bedroom-resized.jpg (Caused by NewConnectionError('<urllib3.connection.HTTPSConnection object at 0x000001671C847B88>: Failed to establish a new connection: [WinError 10060] Se produjo un error durante el intento de conexión ya que la parte conectada no respondió adecuadamente tras un periodo de tiempo, o bien se produjo un error en la conexión establecida ya que el host conectado no ha podido responder'))
[INFO] downloaded: images\bedrooms\00000344.jpg
[INFO] downloaded: images\bedrooms\00000345.jpg
[INFO] downloaded: images\bedrooms\00000346.jpg
[INFO] downloaded: images\bedrooms\00000347.jpg
[INFO] downloaded: images\bedrooms\00000348.jpg
[INFO] downloaded: images\bedrooms\00000349.jpg
[INFO] downloaded: images\bedrooms\00000350.jpg
[INFO] downloaded: images\bedrooms\00000351.jpg
[INFO] downloaded: images\bedrooms\00000352.jpg
[INFO] downloaded: images\bedrooms\00000353.jpg
[INFO] downloaded: images\bedrooms\00000354.jpg
[INFO] downloaded: images\bedrooms\00000355.jpg
[INFO] downloaded: images\bedrooms\00000356.jpg
[INFO] downloaded: images\bedrooms\00000357.jpg
[INFO] downloaded: images\bedrooms\00000358.jpg
[INFO] downloaded: images\bedrooms\00000359.jpg
[INFO] downloaded: images\bedrooms\00000360.jpg
[INFO] downloaded: images\bedrooms\00000361.jpg
[INFO] downloaded: images\bedrooms\00000362.jpg
[INFO] downloaded: images\bedrooms\00000363.jpg
[INFO] downloaded: images\bedrooms\00000364.jpg
[INFO] downloaded: images\bedrooms\00000365.jpg
[INFO] downloaded: images\bedrooms\00000366.jpg
[INFO] downloaded: images\bedrooms\00000367.jpg
[INFO] downloaded: images\bedrooms\00000368.jpg
[INFO] downloaded: images\bedrooms\00000369.jpg
[INFO] downloaded: images\bedrooms\00000370.jpg
[INFO] downloaded: images\bedrooms\00000371.jpg
[INFO] downloaded: images\bedrooms\00000372.jpg
[INFO] downloaded: images\bedrooms\00000373.jpg
[INFO] downloaded: images\bedrooms\00000374.jpg
[INFO] downloaded: images\bedrooms\00000375.jpg
[INFO] downloaded: images\bedrooms\00000376.jpg
[INFO] downloaded: images\bedrooms\00000377.jpg
[INFO] downloaded: images\bedrooms\00000378.jpg
[INFO] downloaded: images\bedrooms\00000379.jpg
[INFO] downloaded: images\bedrooms\00000380.jpg
[INFO] downloaded: images\bedrooms\00000381.jpg
[INFO] downloaded: images\bedrooms\00000382.jpg
[INFO] downloaded: images\bedrooms\00000383.jpg
[INFO] downloaded: images\bedrooms\00000384.jpg
[INFO] downloaded: images\bedrooms\00000385.jpg
[INFO] downloaded: images\bedrooms\00000386.jpg
[INFO] downloaded: images\bedrooms\00000387.jpg
[INFO] downloaded: images\bedrooms\00000388.jpg
[INFO] downloaded: images\bedrooms\00000389.jpg
[INFO] downloaded: images\bedrooms\00000390.jpg
[INFO] downloaded: images\bedrooms\00000391.jpg
[INFO] downloaded: images\bedrooms\00000392.jpg
[INFO] downloaded: images\bedrooms\00000393.jpg
[INFO] downloaded: images\bedrooms\00000394.jpg
[INFO] downloaded: images\bedrooms\00000395.jpg
[INFO] downloaded: images\bedrooms\00000396.jpg
[INFO] downloaded: images\bedrooms\00000397.jpg
[INFO] downloaded: images\bedrooms\00000398.jpg
[INFO] downloaded: images\bedrooms\00000399.jpg
[INFO] downloaded: images\bedrooms\00000400.jpg
[INFO] downloaded: images\bedrooms\00000401.jpg
[INFO] downloaded: images\bedrooms\00000402.jpg
[INFO] downloaded: images\bedrooms\00000403.jpg
[INFO] downloaded: images\bedrooms\00000404.jpg
[INFO] downloaded: images\bedrooms\00000405.jpg
[INFO] downloaded: images\bedrooms\00000406.jpg
[INFO] downloaded: images\bedrooms\00000407.jpg
[INFO] downloaded: images\bedrooms\00000408.jpg
[INFO] downloaded: images\bedrooms\00000409.jpg
[INFO] downloaded: images\bedrooms\00000410.jpg
[INFO] downloaded: images\bedrooms\00000411.jpg
[INFO] downloaded: images\bedrooms\00000412.jpg
[INFO] downloaded: images\bedrooms\00000413.jpg
[INFO] downloaded: images\bedrooms\00000414.jpg
[INFO] downloaded: images\bedrooms\00000415.jpg
[INFO] downloaded: images\bedrooms\00000416.jpg
[INFO] downloaded: images\bedrooms\00000417.jpg
[INFO] downloaded: images\bedrooms\00000418.jpg
[INFO] downloaded: images\bedrooms\00000419.jpg
[INFO] downloaded: images\bedrooms\00000420.jpg
[INFO] downloaded: images\bedrooms\00000421.jpg
[INFO] downloaded: images\bedrooms\00000422.jpg
[INFO] downloaded: images\bedrooms\00000423.jpg
[INFO] downloaded: images\bedrooms\00000424.jpg
[INFO] downloaded: images\bedrooms\00000425.jpg
[INFO] downloaded: images\bedrooms\00000426.jpg
[INFO] downloaded: images\bedrooms\00000427.jpg
[INFO] downloaded: images\bedrooms\00000428.jpg
[INFO] downloaded: images\bedrooms\00000429.jpg
[INFO] downloaded: images\bedrooms\00000430.jpg
[INFO] downloaded: images\bedrooms\00000431.jpg
[INFO] downloaded: images\bedrooms\00000432.jpg
[INFO] downloaded: images\bedrooms\00000433.jpg
[INFO] downloaded: images\bedrooms\00000434.jpg
[INFO] downloaded: images\bedrooms\00000435.jpg
[INFO] downloaded: images\bedrooms\00000436.jpg
[INFO] downloaded: images\bedrooms\00000437.jpg
[INFO] downloaded: images\bedrooms\00000438.jpg
[INFO] downloaded: images\bedrooms\00000439.jpg
[INFO] downloaded: images\bedrooms\00000440.jpg
[INFO] downloaded: images\bedrooms\00000441.jpg
[INFO] downloaded: images\bedrooms\00000442.jpg
[INFO] downloaded: images\bedrooms\00000443.jpg
[INFO] downloaded: images\bedrooms\00000444.jpg
[INFO] downloaded: images\bedrooms\00000445.jpg
[INFO] downloaded: images\bedrooms\00000446.jpg
[INFO] downloaded: images\bedrooms\00000447.jpg
[INFO] downloaded: images\bedrooms\00000448.jpg
[INFO] downloaded: images\bedrooms\00000449.jpg
[INFO] downloaded: images\bedrooms\00000450.jpg
[INFO] error downloading images\bedrooms\00000450.jpg...skipping
[ERROR] error downloading https://www.esfwholesalefurniture.com/images/product/detail/Bedroom-Furniture_Modern-Bedrooms_Emporio-Bedroom.jpg
HTTPSConnectionPool(host='www.esfwholesalefurniture.com', port=443): Max retries exceeded with url: /images/product/detail/Bedroom-Furniture_Modern-Bedrooms_Emporio-Bedroom.jpg (Caused by SSLError(SSLCertVerificationError(1, '[SSL: CERTIFICATE_VERIFY_FAILED] certificate verify failed: unable to get local issuer certificate (_ssl.c:1076)')))
[INFO] downloaded: images\bedrooms\00000451.jpg
[INFO] downloaded: images\bedrooms\00000452.jpg
[INFO] downloaded: images\bedrooms\00000453.jpg
[INFO] downloaded: images\bedrooms\00000454.jpg
[INFO] downloaded: images\bedrooms\00000455.jpg
[INFO] downloaded: images\bedrooms\00000456.jpg
[INFO] downloaded: images\bedrooms\00000457.jpg
[INFO] downloaded: images\bedrooms\00000458.jpg
[INFO] downloaded: images\bedrooms\00000459.jpg
[INFO] downloaded: images\bedrooms\00000460.jpg
[INFO] downloaded: images\bedrooms\00000461.jpg
[INFO] downloaded: images\bedrooms\00000462.jpg
[INFO] downloaded: images\bedrooms\00000463.jpg
[INFO] downloaded: images\bedrooms\00000464.jpg
[INFO] downloaded: images\bedrooms\00000465.jpg
[INFO] downloaded: images\bedrooms\00000466.jpg
[INFO] downloaded: images\bedrooms\00000467.jpg
[INFO] downloaded: images\bedrooms\00000468.jpg
[INFO] downloaded: images\bedrooms\00000469.jpg
[INFO] downloaded: images\bedrooms\00000470.jpg
[INFO] downloaded: images\bedrooms\00000471.jpg
[INFO] downloaded: images\bedrooms\00000472.jpg
[INFO] downloaded: images\bedrooms\00000473.jpg
[INFO] downloaded: images\bedrooms\00000474.jpg
[INFO] downloaded: images\bedrooms\00000475.jpg
[INFO] downloaded: images\bedrooms\00000476.jpg
[INFO] downloaded: images\bedrooms\00000477.jpg
[INFO] downloaded: images\bedrooms\00000478.jpg
[INFO] downloaded: images\bedrooms\00000479.jpg
[INFO] downloaded: images\bedrooms\00000480.jpg
[INFO] downloaded: images\bedrooms\00000481.jpg
[INFO] downloaded: images\bedrooms\00000482.jpg
[INFO] downloaded: images\bedrooms\00000483.jpg
[INFO] downloaded: images\bedrooms\00000484.jpg
[INFO] downloaded: images\bedrooms\00000485.jpg
[INFO] downloaded: images\bedrooms\00000486.jpg
[INFO] downloaded: images\bedrooms\00000487.jpg
[INFO] downloaded: images\bedrooms\00000488.jpg
[INFO] error downloading images\bedrooms\00000488.jpg...skipping
[ERROR] error downloading https://www.huckfinnswarehouse.com/brawn_package/bedrooms-thumbnail.jpg?ccid=xb9f900d
('Connection aborted.', RemoteDisconnected('Remote end closed connection without response'))
[INFO] downloaded: images\bedrooms\00000489.jpg
[INFO] downloaded: images\bedrooms\00000490.jpg
[INFO] downloaded: images\bedrooms\00000491.jpg
[INFO] downloaded: images\bedrooms\00000492.jpg
[INFO] downloaded: images\bedrooms\00000493.jpg
[INFO] downloaded: images\bedrooms\00000494.jpg
[INFO] downloaded: images\bedrooms\00000495.jpg
[INFO] downloaded: images\bedrooms\00000496.jpg
[INFO] downloaded: images\bedrooms\00000497.jpg
[INFO] downloaded: images\bedrooms\00000498.jpg
[INFO] downloaded: images\bedrooms\00000499.jpg
[INFO] downloaded: images\bedrooms\00000500.jpg
[INFO] downloaded: images\bedrooms\00000501.jpg
[INFO] downloaded: images\bedrooms\00000502.jpg
[INFO] downloaded: images\bedrooms\00000503.jpg
[INFO] downloaded: images\bedrooms\00000504.jpg
[INFO] downloaded: images\bedrooms\00000505.jpg
[INFO] downloaded: images\bedrooms\00000506.jpg
[INFO] downloaded: images\bedrooms\00000507.jpg
[INFO] downloaded: images\bedrooms\00000508.jpg
[INFO] downloaded: images\bedrooms\00000509.jpg
[INFO] downloaded: images\bedrooms\00000510.jpg
[INFO] downloaded: images\bedrooms\00000511.jpg
[INFO] downloaded: images\bedrooms\00000512.jpg
[INFO] downloaded: images\bedrooms\00000513.jpg
[INFO] downloaded: images\bedrooms\00000514.jpg
[INFO] downloaded: images\bedrooms\00000515.jpg
[INFO] downloaded: images\bedrooms\00000516.jpg
[INFO] downloaded: images\bedrooms\00000517.jpg
[INFO] downloaded: images\bedrooms\00000518.jpg
[INFO] downloaded: images\bedrooms\00000519.jpg
[INFO] downloaded: images\bedrooms\00000520.jpg
[INFO] downloaded: images\bedrooms\00000521.jpg
[INFO] downloaded: images\bedrooms\00000522.jpg
[INFO] downloaded: images\bedrooms\00000523.jpg
[INFO] downloaded: images\bedrooms\00000524.jpg
[INFO] downloaded: images\bedrooms\00000525.jpg
[INFO] downloaded: images\bedrooms\00000526.jpg
[INFO] downloaded: images\bedrooms\00000527.jpg
[INFO] downloaded: images\bedrooms\00000528.jpg
[INFO] downloaded: images\bedrooms\00000529.jpg
[INFO] downloaded: images\bedrooms\00000530.jpg
[INFO] error downloading images\bedrooms\00000530.jpg...skipping
[ERROR] error downloading https://www.esfwholesalefurniture.com/images/product/detail/Bedroom-Furniture_Modern-Bedrooms_Emporio-Bedroom.jpg
HTTPSConnectionPool(host='www.esfwholesalefurniture.com', port=443): Max retries exceeded with url: /images/product/detail/Bedroom-Furniture_Modern-Bedrooms_Emporio-Bedroom.jpg (Caused by SSLError(SSLCertVerificationError(1, '[SSL: CERTIFICATE_VERIFY_FAILED] certificate verify failed: unable to get local issuer certificate (_ssl.c:1076)')))
[INFO] downloaded: images\bedrooms\00000531.jpg
[INFO] downloaded: images\bedrooms\00000532.jpg
[INFO] downloaded: images\bedrooms\00000533.jpg
[INFO] downloaded: images\bedrooms\00000534.jpg
[INFO] downloaded: images\bedrooms\00000535.jpg
[INFO] downloaded: images\bedrooms\00000536.jpg
[INFO] downloaded: images\bedrooms\00000537.jpg
[INFO] downloaded: images\bedrooms\00000538.jpg
[INFO] downloaded: images\bedrooms\00000539.jpg
[INFO] downloaded: images\bedrooms\00000540.jpg
[INFO] downloaded: images\bedrooms\00000541.jpg
[INFO] downloaded: images\bedrooms\00000542.jpg
[INFO] downloaded: images\bedrooms\00000543.jpg
[INFO] downloaded: images\bedrooms\00000544.jpg
[INFO] downloaded: images\bedrooms\00000545.jpg
[INFO] downloaded: images\bedrooms\00000546.jpg
[INFO] downloaded: images\bedrooms\00000547.jpg
[INFO] downloaded: images\bedrooms\00000548.jpg
[INFO] downloaded: images\bedrooms\00000549.jpg
[INFO] downloaded: images\bedrooms\00000550.jpg
[INFO] downloaded: images\bedrooms\00000551.jpg
[INFO] downloaded: images\bedrooms\00000552.jpg
[INFO] downloaded: images\bedrooms\00000553.jpg
[INFO] downloaded: images\bedrooms\00000554.jpg
[INFO] downloaded: images\bedrooms\00000555.jpg
[INFO] downloaded: images\bedrooms\00000556.jpg
[INFO] downloaded: images\bedrooms\00000557.jpg
[INFO] downloaded: images\bedrooms\00000558.jpg
[INFO] downloaded: images\bedrooms\00000559.jpg
[INFO] downloaded: images\bedrooms\00000560.jpg
[INFO] downloaded: images\bedrooms\00000561.jpg
[INFO] downloaded: images\bedrooms\00000562.jpg
[INFO] downloaded: images\bedrooms\00000563.jpg
[INFO] downloaded: images\bedrooms\00000564.jpg
[INFO] downloaded: images\bedrooms\00000565.jpg
[INFO] downloaded: images\bedrooms\00000566.jpg
[INFO] downloaded: images\bedrooms\00000567.jpg
[INFO] downloaded: images\bedrooms\00000568.jpg
[INFO] downloaded: images\bedrooms\00000569.jpg
[INFO] downloaded: images\bedrooms\00000570.jpg
[INFO] downloaded: images\bedrooms\00000571.jpg
[INFO] downloaded: images\bedrooms\00000572.jpg
[INFO] downloaded: images\bedrooms\00000573.jpg
[INFO] downloaded: images\bedrooms\00000574.jpg
[INFO] downloaded: images\bedrooms\00000575.jpg
[INFO] downloaded: images\bedrooms\00000576.jpg
[INFO] downloaded: images\bedrooms\00000577.jpg
[INFO] downloaded: images\bedrooms\00000578.jpg
[INFO] downloaded: images\bedrooms\00000579.jpg
[INFO] downloaded: images\bedrooms\00000580.jpg
[INFO] downloaded: images\bedrooms\00000581.jpg
[INFO] downloaded: images\bedrooms\00000582.jpg
[INFO] downloaded: images\bedrooms\00000583.jpg
[INFO] downloaded: images\bedrooms\00000584.jpg
[INFO] downloaded: images\bedrooms\00000585.jpg
[INFO] downloaded: images\bedrooms\00000586.jpg
[INFO] downloaded: images\bedrooms\00000587.jpg
[INFO] downloaded: images\bedrooms\00000588.jpg
[INFO] downloaded: images\bedrooms\00000589.jpg
[INFO] downloaded: images\bedrooms\00000590.jpg
[INFO] downloaded: images\bedrooms\00000591.jpg
[INFO] downloaded: images\bedrooms\00000592.jpg
[INFO] downloaded: images\bedrooms\00000593.jpg
[INFO] downloaded: images\bedrooms\00000594.jpg
[INFO] downloaded: images\bedrooms\00000595.jpg
[INFO] downloaded: images\bedrooms\00000596.jpg
[INFO] downloaded: images\bedrooms\00000597.jpg
[INFO] downloaded: images\bedrooms\00000598.jpg
[INFO] downloaded: images\bedrooms\00000599.jpg
[INFO] downloaded: images\bedrooms\00000600.jpg
[INFO] downloaded: images\bedrooms\00000601.jpg
[INFO] downloaded: images\bedrooms\00000602.jpg
[INFO] downloaded: images\bedrooms\00000603.jpg
[INFO] downloaded: images\bedrooms\00000604.jpg
[INFO] downloaded: images\bedrooms\00000605.jpg
[INFO] downloaded: images\bedrooms\00000606.jpg
[INFO] downloaded: images\bedrooms\00000607.jpg
[INFO] downloaded: images\bedrooms\00000608.jpg
[INFO] downloaded: images\bedrooms\00000609.jpg
[INFO] downloaded: images\bedrooms\00000610.jpg
[INFO] downloaded: images\bedrooms\00000611.jpg
[INFO] downloaded: images\bedrooms\00000612.jpg
[INFO] downloaded: images\bedrooms\00000613.jpg
[INFO] downloaded: images\bedrooms\00000614.jpg
[INFO] downloaded: images\bedrooms\00000615.jpg
[INFO] downloaded: images\bedrooms\00000616.jpg
[INFO] downloaded: images\bedrooms\00000617.jpg
[INFO] downloaded: images\bedrooms\00000618.jpg
[INFO] downloaded: images\bedrooms\00000619.jpg
[INFO] downloaded: images\bedrooms\00000620.jpg
[INFO] downloaded: images\bedrooms\00000621.jpg
[INFO] downloaded: images\bedrooms\00000622.jpg
[INFO] downloaded: images\bedrooms\00000623.jpg
[INFO] downloaded: images\bedrooms\00000624.jpg
[INFO] downloaded: images\bedrooms\00000625.jpg
[INFO] downloaded: images\bedrooms\00000626.jpg
[INFO] downloaded: images\bedrooms\00000627.jpg
[INFO] downloaded: images\bedrooms\00000628.jpg
[INFO] downloaded: images\bedrooms\00000629.jpg
[INFO] downloaded: images\bedrooms\00000630.jpg
[INFO] downloaded: images\bedrooms\00000631.jpg
[INFO] downloaded: images\bedrooms\00000632.jpg
[INFO] downloaded: images\bedrooms\00000633.jpg
[INFO] downloaded: images\bedrooms\00000634.jpg
[INFO] downloaded: images\bedrooms\00000635.jpg
[INFO] downloaded: images\bedrooms\00000636.jpg
[INFO] downloaded: images\bedrooms\00000637.jpg
[INFO] downloaded: images\bedrooms\00000638.jpg
[INFO] downloaded: images\bedrooms\00000639.jpg
[INFO] error downloading images\bedrooms\00000639.jpg...skipping
[ERROR] error downloading https://www.esfwholesalefurniture.com/images/product/fullsize/Bedroom-Furniture_Beds-with-Storage_Marina-Bedroom.gif
HTTPSConnectionPool(host='www.esfwholesalefurniture.com', port=443): Max retries exceeded with url: /images/product/fullsize/Bedroom-Furniture_Beds-with-Storage_Marina-Bedroom.gif (Caused by SSLError(SSLCertVerificationError(1, '[SSL: CERTIFICATE_VERIFY_FAILED] certificate verify failed: unable to get local issuer certificate (_ssl.c:1076)')))
[INFO] downloaded: images\bedrooms\00000640.jpg
[INFO] downloaded: images\bedrooms\00000641.jpg
[INFO] downloaded: images\bedrooms\00000642.jpg
[INFO] downloaded: images\bedrooms\00000643.jpg
[INFO] downloaded: images\bedrooms\00000644.jpg
[INFO] downloaded: images\bedrooms\00000645.jpg
[INFO] downloaded: images\bedrooms\00000646.jpg
[INFO] downloaded: images\bedrooms\00000647.jpg
[INFO] downloaded: images\bedrooms\00000648.jpg
[INFO] downloaded: images\bedrooms\00000649.jpg
[INFO] downloaded: images\bedrooms\00000650.jpg
[INFO] downloaded: images\bedrooms\00000651.jpg
[INFO] downloaded: images\bedrooms\00000652.jpg
[INFO] downloaded: images\bedrooms\00000653.jpg
[INFO] downloaded: images\bedrooms\00000654.jpg
[INFO] downloaded: images\bedrooms\00000655.jpg
[INFO] downloaded: images\bedrooms\00000656.jpg
[INFO] downloaded: images\bedrooms\00000657.jpg
[INFO] downloaded: images\bedrooms\00000658.jpg
[INFO] downloaded: images\bedrooms\00000659.jpg
[INFO] downloaded: images\bedrooms\00000660.jpg
[INFO] downloaded: images\bedrooms\00000661.jpg
[INFO] downloaded: images\bedrooms\00000662.jpg
[INFO] downloaded: images\bedrooms\00000663.jpg
[INFO] downloaded: images\bedrooms\00000664.jpg
[INFO] downloaded: images\bedrooms\00000665.jpg
[INFO] downloaded: images\bedrooms\00000666.jpg
[INFO] downloaded: images\bedrooms\00000667.jpg
[INFO] downloaded: images\bedrooms\00000668.jpg
[INFO] downloaded: images\bedrooms\00000669.jpg
[INFO] downloaded: images\bedrooms\00000670.jpg
[INFO] downloaded: images\bedrooms\00000671.jpg
[INFO] downloaded: images\bedrooms\00000672.jpg
[INFO] downloaded: images\bedrooms\00000673.jpg
[INFO] downloaded: images\bedrooms\00000674.jpg
[INFO] downloaded: images\bedrooms\00000675.jpg
[INFO] downloaded: images\bedrooms\00000676.jpg
[INFO] downloaded: images\bedrooms\00000677.jpg
[INFO] downloaded: images\bedrooms\00000678.jpg
[INFO] downloaded: images\bedrooms\00000679.jpg
[INFO] downloaded: images\bedrooms\00000680.jpg
[INFO] downloaded: images\bedrooms\00000681.jpg
[INFO] downloaded: images\bedrooms\00000682.jpg
[INFO] downloaded: images\bedrooms\00000683.jpg
[INFO] downloaded: images\bedrooms\00000684.jpg
[INFO] downloaded: images\bedrooms\00000685.jpg
[INFO] downloaded: images\bedrooms\00000686.jpg
[INFO] downloaded: images\bedrooms\00000687.jpg
[INFO] downloaded: images\bedrooms\00000688.jpg
[INFO] downloaded: images\bedrooms\00000689.jpg
[INFO] downloaded: images\bedrooms\00000690.jpg
[INFO] downloaded: images\bedrooms\00000691.jpg
[INFO] downloaded: images\bedrooms\00000692.jpg
[INFO] downloaded: images\bedrooms\00000693.jpg
[INFO] downloaded: images\bedrooms\00000694.jpg
[INFO] downloaded: images\bedrooms\00000695.jpg
[INFO] downloaded: images\bedrooms\00000696.jpg
[INFO] downloaded: images\bedrooms\00000697.jpg
[INFO] downloaded: images\bedrooms\00000698.jpg
[INFO] downloaded: images\bedrooms\00000699.jpg
[INFO] downloaded: images\bedrooms\00000700.jpg
[INFO] downloaded: images\bedrooms\00000701.jpg
[INFO] downloaded: images\bedrooms\00000702.jpg
[INFO] downloaded: images\bedrooms\00000703.jpg
[INFO] downloaded: images\bedrooms\00000704.jpg
[INFO] downloaded: images\bedrooms\00000705.jpg
[INFO] downloaded: images\bedrooms\00000706.jpg
[INFO] downloaded: images\bedrooms\00000707.jpg
[INFO] downloaded: images\bedrooms\00000708.jpg
[INFO] downloaded: images\bedrooms\00000709.jpg
[INFO] error downloading images\bedrooms\00000709.jpg...skipping
[ERROR] error downloading https://www.esfwholesalefurniture.com/images/product/detail/Bedroom-Furniture_Modern-Bedrooms_Barcelona.gif
HTTPSConnectionPool(host='www.esfwholesalefurniture.com', port=443): Max retries exceeded with url: /images/product/detail/Bedroom-Furniture_Modern-Bedrooms_Barcelona.gif (Caused by SSLError(SSLCertVerificationError(1, '[SSL: CERTIFICATE_VERIFY_FAILED] certificate verify failed: unable to get local issuer certificate (_ssl.c:1076)')))
[INFO] downloaded: images\bedrooms\00000710.jpg
[INFO] downloaded: images\bedrooms\00000711.jpg
[INFO] downloaded: images\bedrooms\00000712.jpg
[INFO] downloaded: images\bedrooms\00000713.jpg
[INFO] downloaded: images\bedrooms\00000714.jpg
[INFO] downloaded: images\bedrooms\00000715.jpg
[INFO] downloaded: images\bedrooms\00000716.jpg
[INFO] downloaded: images\bedrooms\00000717.jpg
[INFO] downloaded: images\bedrooms\00000718.jpg
[INFO] downloaded: images\bedrooms\00000719.jpg
[INFO] downloaded: images\bedrooms\00000720.jpg
[INFO] downloaded: images\bedrooms\00000721.jpg
[INFO] downloaded: images\bedrooms\00000722.jpg
[INFO] downloaded: images\bedrooms\00000723.jpg
[INFO] downloaded: images\bedrooms\00000724.jpg
[INFO] downloaded: images\bedrooms\00000725.jpg
[INFO] downloaded: images\bedrooms\00000726.jpg
[INFO] downloaded: images\bedrooms\00000727.jpg
[INFO] downloaded: images\bedrooms\00000728.jpg
[INFO] downloaded: images\bedrooms\00000729.jpg
[INFO] downloaded: images\bedrooms\00000730.jpg
[INFO] downloaded: images\bedrooms\00000731.jpg
[INFO] downloaded: images\bedrooms\00000732.jpg
[INFO] downloaded: images\bedrooms\00000733.jpg
[INFO] downloaded: images\bedrooms\00000734.jpg
[INFO] downloaded: images\bedrooms\00000735.jpg
[INFO] downloaded: images\bedrooms\00000736.jpg
[INFO] downloaded: images\bedrooms\00000737.jpg
[INFO] downloaded: images\bedrooms\00000738.jpg
[INFO] downloaded: images\bedrooms\00000739.jpg
[INFO] downloaded: images\bedrooms\00000740.jpg
[INFO] downloaded: images\bedrooms\00000741.jpg
[INFO] downloaded: images\bedrooms\00000742.jpg
[INFO] downloaded: images\bedrooms\00000743.jpg
[INFO] downloaded: images\bedrooms\00000744.jpg
[INFO] downloaded: images\bedrooms\00000745.jpg
[INFO] downloaded: images\bedrooms\00000746.jpg
[INFO] downloaded: images\bedrooms\00000747.jpg
[INFO] downloaded: images\bedrooms\00000748.jpg
[INFO] downloaded: images\bedrooms\00000749.jpg
[INFO] downloaded: images\bedrooms\00000750.jpg
[INFO] downloaded: images\bedrooms\00000751.jpg
[INFO] downloaded: images\bedrooms\00000752.jpg
[INFO] downloaded: images\bedrooms\00000753.jpg
[INFO] downloaded: images\bedrooms\00000754.jpg
[INFO] downloaded: images\bedrooms\00000755.jpg
[INFO] downloaded: images\bedrooms\00000756.jpg
[INFO] downloaded: images\bedrooms\00000757.jpg
[INFO] downloaded: images\bedrooms\00000758.jpg
[INFO] downloaded: images\bedrooms\00000759.jpg
[INFO] downloaded: images\bedrooms\00000760.jpg
[INFO] downloaded: images\bedrooms\00000761.jpg
[INFO] downloaded: images\bedrooms\00000762.jpg
[INFO] downloaded: images\bedrooms\00000763.jpg
[INFO] downloaded: images\bedrooms\00000764.jpg
[INFO] downloaded: images\bedrooms\00000765.jpg
[INFO] downloaded: images\bedrooms\00000766.jpg
[INFO] downloaded: images\bedrooms\00000767.jpg
[INFO] downloaded: images\bedrooms\00000768.jpg
[INFO] downloaded: images\bedrooms\00000769.jpg
[INFO] downloaded: images\bedrooms\00000770.jpg
[INFO] downloaded: images\bedrooms\00000771.jpg
[INFO] downloaded: images\bedrooms\00000772.jpg
[INFO] downloaded: images\bedrooms\00000773.jpg
[INFO] downloaded: images\bedrooms\00000774.jpg
[INFO] downloaded: images\bedrooms\00000775.jpg
[INFO] downloaded: images\bedrooms\00000776.jpg
[INFO] downloaded: images\bedrooms\00000777.jpg
[INFO] downloaded: images\bedrooms\00000778.jpg
[INFO] downloaded: images\bedrooms\00000779.jpg
[INFO] downloaded: images\bedrooms\00000780.jpg
[INFO] downloaded: images\bedrooms\00000781.jpg
[INFO] downloaded: images\bedrooms\00000782.jpg
[INFO] downloaded: images\bedrooms\00000783.jpg
[INFO] downloaded: images\bedrooms\00000784.jpg
[INFO] downloaded: images\bedrooms\00000785.jpg
[INFO] downloaded: images\bedrooms\00000786.jpg
[INFO] downloaded: images\bedrooms\00000787.jpg
[INFO] downloaded: images\bedrooms\00000788.jpg
[INFO] downloaded: images\bedrooms\00000789.jpg
[INFO] downloaded: images\bedrooms\00000790.jpg
[INFO] downloaded: images\bedrooms\00000791.jpg
[INFO] downloaded: images\bedrooms\00000792.jpg
[INFO] downloaded: images\bedrooms\00000793.jpg
[INFO] downloaded: images\bedrooms\00000794.jpg
[INFO] downloaded: images\bedrooms\00000795.jpg
[INFO] downloaded: images\bedrooms\00000796.jpg
[INFO] downloaded: images\bedrooms\00000797.jpg
[INFO] downloaded: images\bedrooms\00000798.jpg
[INFO] downloaded: images\bedrooms\00000799.jpg
[INFO] downloaded: images\bedrooms\00000800.jpg
[INFO] downloaded: images\bedrooms\00000801.jpg
[INFO] downloaded: images\bedrooms\00000802.jpg
[INFO] downloaded: images\bedrooms\00000803.jpg
[INFO] downloaded: images\bedrooms\00000804.jpg
[INFO] downloaded: images\bedrooms\00000805.jpg
[INFO] downloaded: images\bedrooms\00000806.jpg
[INFO] downloaded: images\bedrooms\00000807.jpg
[INFO] downloaded: images\bedrooms\00000808.jpg
[INFO] downloaded: images\bedrooms\00000809.jpg
[INFO] downloaded: images\bedrooms\00000810.jpg
[INFO] downloaded: images\bedrooms\00000811.jpg
[INFO] downloaded: images\bedrooms\00000812.jpg
[INFO] downloaded: images\bedrooms\00000813.jpg
[INFO] downloaded: images\bedrooms\00000814.jpg
[INFO] downloaded: images\bedrooms\00000815.jpg
[INFO] downloaded: images\bedrooms\00000816.jpg
[INFO] downloaded: images\bedrooms\00000817.jpg
[INFO] downloaded: images\bedrooms\00000818.jpg
[INFO] downloaded: images\bedrooms\00000819.jpg
[INFO] downloaded: images\bedrooms\00000820.jpg
[INFO] downloaded: images\bedrooms\00000821.jpg
[INFO] downloaded: images\bedrooms\00000822.jpg
[INFO] downloaded: images\bedrooms\00000823.jpg
[INFO] downloaded: images\bedrooms\00000824.jpg
[INFO] downloaded: images\bedrooms\00000825.jpg
[INFO] downloaded: images\bedrooms\00000826.jpg
[INFO] downloaded: images\bedrooms\00000827.jpg
[INFO] downloaded: images\bedrooms\00000828.jpg
[INFO] downloaded: images\bedrooms\00000829.jpg
[INFO] downloaded: images\bedrooms\00000830.jpg
[INFO] downloaded: images\bedrooms\00000831.jpg
[INFO] downloaded: images\bedrooms\00000832.jpg
[INFO] downloaded: images\bedrooms\00000833.jpg
[INFO] downloaded: images\bedrooms\00000834.jpg
[INFO] downloaded: images\bedrooms\00000835.jpg
[INFO] downloaded: images\bedrooms\00000836.jpg
[INFO] downloaded: images\bedrooms\00000837.jpg
[INFO] downloaded: images\bedrooms\00000838.jpg
[INFO] downloaded: images\bedrooms\00000839.jpg
[INFO] downloaded: images\bedrooms\00000840.jpg
[INFO] downloaded: images\bedrooms\00000841.jpg
[INFO] downloaded: images\bedrooms\00000842.jpg
[INFO] downloaded: images\bedrooms\00000843.jpg
[INFO] downloaded: images\bedrooms\00000844.jpg
[INFO] downloaded: images\bedrooms\00000845.jpg
[INFO] downloaded: images\bedrooms\00000846.jpg
[INFO] downloaded: images\bedrooms\00000847.jpg
[INFO] downloaded: images\bedrooms\00000848.jpg
[INFO] downloaded: images\bedrooms\00000849.jpg
[INFO] downloaded: images\bedrooms\00000850.jpg
[INFO] downloaded: images\bedrooms\00000851.jpg
[INFO] downloaded: images\bedrooms\00000852.jpg
[INFO] downloaded: images\bedrooms\00000853.jpg
[INFO] downloaded: images\bedrooms\00000854.jpg
[INFO] downloaded: images\bedrooms\00000855.jpg
[INFO] downloaded: images\bedrooms\00000856.jpg
[INFO] downloaded: images\bedrooms\00000857.jpg
[INFO] downloaded: images\bedrooms\00000858.jpg
[INFO] downloaded: images\bedrooms\00000859.jpg
[INFO] downloaded: images\bedrooms\00000860.jpg
[INFO] downloaded: images\bedrooms\00000861.jpg
[INFO] downloaded: images\bedrooms\00000862.jpg
[INFO] downloaded: images\bedrooms\00000863.jpg
[INFO] downloaded: images\bedrooms\00000864.jpg
[INFO] downloaded: images\bedrooms\00000865.jpg
[INFO] downloaded: images\bedrooms\00000866.jpg
[INFO] downloaded: images\bedrooms\00000867.jpg
[INFO] downloaded: images\bedrooms\00000868.jpg
[INFO] downloaded: images\bedrooms\00000869.jpg
[INFO] downloaded: images\bedrooms\00000870.jpg
[INFO] downloaded: images\bedrooms\00000871.jpg
None
[INFO] deleting images\bedrooms\00000030.jpg
None
[INFO] deleting images\bedrooms\00000034.jpg
None
[INFO] deleting images\bedrooms\00000037.jpg
None
[INFO] deleting images\bedrooms\00000042.jpg
None
[INFO] deleting images\bedrooms\00000057.jpg
None
[INFO] deleting images\bedrooms\00000082.jpg
None
[INFO] deleting images\bedrooms\00000083.jpg
None
[INFO] deleting images\bedrooms\00000090.jpg
None
[INFO] deleting images\bedrooms\00000100.jpg
None
[INFO] deleting images\bedrooms\00000105.jpg
None
[INFO] deleting images\bedrooms\00000108.jpg
None
[INFO] deleting images\bedrooms\00000130.jpg
None
[INFO] deleting images\bedrooms\00000143.jpg
None
[INFO] deleting images\bedrooms\00000148.jpg
None
[INFO] deleting images\bedrooms\00000155.jpg
None
[INFO] deleting images\bedrooms\00000157.jpg
None
[INFO] deleting images\bedrooms\00000158.jpg
None
[INFO] deleting images\bedrooms\00000178.jpg
None
[INFO] deleting images\bedrooms\00000184.jpg
None
[INFO] deleting images\bedrooms\00000192.jpg
None
[INFO] deleting images\bedrooms\00000194.jpg
None
[INFO] deleting images\bedrooms\00000206.jpg
None
[INFO] deleting images\bedrooms\00000208.jpg
None
[INFO] deleting images\bedrooms\00000211.jpg
None
[INFO] deleting images\bedrooms\00000212.jpg
None
[INFO] deleting images\bedrooms\00000228.jpg
None
[INFO] deleting images\bedrooms\00000235.jpg
None
[INFO] deleting images\bedrooms\00000252.jpg
None
[INFO] deleting images\bedrooms\00000275.jpg
None
[INFO] deleting images\bedrooms\00000282.jpg
None
[INFO] deleting images\bedrooms\00000289.jpg
None
[INFO] deleting images\bedrooms\00000297.jpg
None
[INFO] deleting images\bedrooms\00000317.jpg
None
[INFO] deleting images\bedrooms\00000346.jpg
None
[INFO] deleting images\bedrooms\00000352.jpg
None
[INFO] deleting images\bedrooms\00000354.jpg
None
[INFO] deleting images\bedrooms\00000358.jpg
None
[INFO] deleting images\bedrooms\00000371.jpg
None
[INFO] deleting images\bedrooms\00000383.jpg
None
[INFO] deleting images\bedrooms\00000384.jpg
None
[INFO] deleting images\bedrooms\00000403.jpg
None
[INFO] deleting images\bedrooms\00000418.jpg
None
[INFO] deleting images\bedrooms\00000438.jpg
None
[INFO] deleting images\bedrooms\00000454.jpg
None
[INFO] deleting images\bedrooms\00000487.jpg
None
[INFO] deleting images\bedrooms\00000491.jpg
None
[INFO] deleting images\bedrooms\00000524.jpg
None
[INFO] deleting images\bedrooms\00000534.jpg
None
[INFO] deleting images\bedrooms\00000545.jpg
None
[INFO] deleting images\bedrooms\00000573.jpg
None
[INFO] deleting images\bedrooms\00000586.jpg
None
[INFO] deleting images\bedrooms\00000587.jpg
None
[INFO] deleting images\bedrooms\00000592.jpg
None
[INFO] deleting images\bedrooms\00000594.jpg
None
[INFO] deleting images\bedrooms\00000595.jpg
None
[INFO] deleting images\bedrooms\00000601.jpg
None
[INFO] deleting images\bedrooms\00000616.jpg
None
[INFO] deleting images\bedrooms\00000640.jpg
None
[INFO] deleting images\bedrooms\00000653.jpg
None
[INFO] deleting images\bedrooms\00000657.jpg
None
[INFO] deleting images\bedrooms\00000662.jpg
None
[INFO] deleting images\bedrooms\00000675.jpg
None
[INFO] deleting images\bedrooms\00000678.jpg
None
[INFO] deleting images\bedrooms\00000688.jpg
None
[INFO] deleting images\bedrooms\00000716.jpg
None
[INFO] deleting images\bedrooms\00000722.jpg
None
[INFO] deleting images\bedrooms\00000739.jpg
None
[INFO] deleting images\bedrooms\00000751.jpg
None
[INFO] deleting images\bedrooms\00000758.jpg
None
[INFO] deleting images\bedrooms\00000767.jpg
None
[INFO] deleting images\bedrooms\00000782.jpg
None
[INFO] deleting images\bedrooms\00000790.jpg
None
[INFO] deleting images\bedrooms\00000803.jpg
None
[INFO] deleting images\bedrooms\00000804.jpg
None
[INFO] deleting images\bedrooms\00000811.jpg
None
[INFO] deleting images\bedrooms\00000824.jpg
None
[INFO] deleting images\bedrooms\00000839.jpg
None
[INFO] deleting images\bedrooms\00000841.jpg
libpng warning: iCCP: known incorrect sRGB profile

Process finished with exit code 0
