python.exe download_images.py --urls kitchens.txt --output images\kitchens
[INFO] downloaded: images\kitchens\00000000.jpg
[INFO] downloaded: images\kitchens\00000001.jpg
[INFO] downloaded: images\kitchens\00000002.jpg
[INFO] downloaded: images\kitchens\00000003.jpg
[INFO] downloaded: images\kitchens\00000004.jpg
[INFO] downloaded: images\kitchens\00000005.jpg
[INFO] downloaded: images\kitchens\00000006.jpg
[INFO] downloaded: images\kitchens\00000007.jpg
[INFO] downloaded: images\kitchens\00000008.jpg
[INFO] downloaded: images\kitchens\00000009.jpg
[INFO] downloaded: images\kitchens\00000010.jpg
[INFO] downloaded: images\kitchens\00000011.jpg
[INFO] downloaded: images\kitchens\00000012.jpg
[INFO] downloaded: images\kitchens\00000013.jpg
[INFO] downloaded: images\kitchens\00000014.jpg
[INFO] downloaded: images\kitchens\00000015.jpg
[INFO] downloaded: images\kitchens\00000016.jpg
[INFO] downloaded: images\kitchens\00000017.jpg
[INFO] downloaded: images\kitchens\00000018.jpg
[INFO] downloaded: images\kitchens\00000019.jpg
[INFO] downloaded: images\kitchens\00000020.jpg
[INFO] downloaded: images\kitchens\00000021.jpg
[INFO] downloaded: images\kitchens\00000022.jpg
[INFO] downloaded: images\kitchens\00000023.jpg
[INFO] downloaded: images\kitchens\00000024.jpg
[INFO] downloaded: images\kitchens\00000025.jpg
[INFO] downloaded: images\kitchens\00000026.jpg
[INFO] downloaded: images\kitchens\00000027.jpg
[INFO] downloaded: images\kitchens\00000028.jpg
[INFO] downloaded: images\kitchens\00000029.jpg
[INFO] downloaded: images\kitchens\00000030.jpg
[INFO] downloaded: images\kitchens\00000031.jpg
[INFO] downloaded: images\kitchens\00000032.jpg
[INFO] downloaded: images\kitchens\00000033.jpg
[INFO] downloaded: images\kitchens\00000034.jpg
[INFO] downloaded: images\kitchens\00000035.jpg
[INFO] downloaded: images\kitchens\00000036.jpg
[INFO] downloaded: images\kitchens\00000037.jpg
[INFO] downloaded: images\kitchens\00000038.jpg
[INFO] downloaded: images\kitchens\00000039.jpg
[INFO] downloaded: images\kitchens\00000040.jpg
[INFO] downloaded: images\kitchens\00000041.jpg
[INFO] downloaded: images\kitchens\00000042.jpg
[INFO] downloaded: images\kitchens\00000043.jpg
[INFO] downloaded: images\kitchens\00000044.jpg
[INFO] downloaded: images\kitchens\00000045.jpg
[INFO] downloaded: images\kitchens\00000046.jpg
[INFO] downloaded: images\kitchens\00000047.jpg
[INFO] downloaded: images\kitchens\00000048.jpg
[INFO] error downloading images\kitchens\00000048.jpg...skipping
[ERROR] error downloading https://www.ayakitchens.com/images/home/home_getstarted.jpg
HTTPSConnectionPool(host='www.ayakitchens.com', port=443): Max retries exceeded with url: /images/home/home_getstarted.jpg (Caused by SSLError(SSLCertVerificationError(1, '[SSL: CERTIFICATE_VERIFY_FAILED] certificate verify failed: unable to get local issuer certificate (_ssl.c:1076)')))
[INFO] downloaded: images\kitchens\00000049.jpg
[INFO] downloaded: images\kitchens\00000050.jpg
[INFO] downloaded: images\kitchens\00000051.jpg
[INFO] downloaded: images\kitchens\00000052.jpg
[INFO] downloaded: images\kitchens\00000053.jpg
[INFO] downloaded: images\kitchens\00000054.jpg
[INFO] downloaded: images\kitchens\00000055.jpg
[INFO] downloaded: images\kitchens\00000056.jpg
[INFO] downloaded: images\kitchens\00000057.jpg
[INFO] downloaded: images\kitchens\00000058.jpg
[INFO] downloaded: images\kitchens\00000059.jpg
[INFO] downloaded: images\kitchens\00000060.jpg
[INFO] downloaded: images\kitchens\00000061.jpg
[INFO] downloaded: images\kitchens\00000062.jpg
[INFO] downloaded: images\kitchens\00000063.jpg
[INFO] downloaded: images\kitchens\00000064.jpg
[INFO] downloaded: images\kitchens\00000065.jpg
[INFO] downloaded: images\kitchens\00000066.jpg
[INFO] downloaded: images\kitchens\00000067.jpg
[INFO] downloaded: images\kitchens\00000068.jpg
[INFO] downloaded: images\kitchens\00000069.jpg
[INFO] downloaded: images\kitchens\00000070.jpg
[INFO] downloaded: images\kitchens\00000071.jpg
[INFO] downloaded: images\kitchens\00000072.jpg
[INFO] downloaded: images\kitchens\00000073.jpg
[INFO] downloaded: images\kitchens\00000074.jpg
[INFO] downloaded: images\kitchens\00000075.jpg
[INFO] downloaded: images\kitchens\00000076.jpg
[INFO] downloaded: images\kitchens\00000077.jpg
[INFO] downloaded: images\kitchens\00000078.jpg
[INFO] downloaded: images\kitchens\00000079.jpg
[INFO] downloaded: images\kitchens\00000080.jpg
[INFO] downloaded: images\kitchens\00000081.jpg
[INFO] downloaded: images\kitchens\00000082.jpg
[INFO] downloaded: images\kitchens\00000083.jpg
[INFO] downloaded: images\kitchens\00000084.jpg
[INFO] downloaded: images\kitchens\00000085.jpg
[INFO] downloaded: images\kitchens\00000086.jpg
[INFO] downloaded: images\kitchens\00000087.jpg
[INFO] downloaded: images\kitchens\00000088.jpg
[INFO] downloaded: images\kitchens\00000089.jpg
[INFO] downloaded: images\kitchens\00000090.jpg
[INFO] downloaded: images\kitchens\00000091.jpg
[INFO] downloaded: images\kitchens\00000092.jpg
[INFO] downloaded: images\kitchens\00000093.jpg
[INFO] downloaded: images\kitchens\00000094.jpg
[INFO] downloaded: images\kitchens\00000095.jpg
[INFO] downloaded: images\kitchens\00000096.jpg
[INFO] downloaded: images\kitchens\00000097.jpg
[INFO] downloaded: images\kitchens\00000098.jpg
[INFO] downloaded: images\kitchens\00000099.jpg
[INFO] downloaded: images\kitchens\00000100.jpg
[INFO] downloaded: images\kitchens\00000101.jpg
[INFO] downloaded: images\kitchens\00000102.jpg
[INFO] downloaded: images\kitchens\00000103.jpg
[INFO] downloaded: images\kitchens\00000104.jpg
[INFO] downloaded: images\kitchens\00000105.jpg
[INFO] downloaded: images\kitchens\00000106.jpg
[INFO] downloaded: images\kitchens\00000107.jpg
[INFO] downloaded: images\kitchens\00000108.jpg
[INFO] downloaded: images\kitchens\00000109.jpg
[INFO] downloaded: images\kitchens\00000110.jpg
[INFO] error downloading images\kitchens\00000110.jpg...skipping
[ERROR] error downloading https://www.lochannakitchens.co.uk/wp-content/uploads/2019/06/Durham-Light-Grey-Cool-Grey-Desert-Pink_1-1024x736.jpg
HTTPSConnectionPool(host='www.lochannakitchens.co.uk', port=443): Max retries exceeded with url: /wp-content/uploads/2019/06/Durham-Light-Grey-Cool-Grey-Desert-Pink_1-1024x736.jpg (Caused by SSLError(SSLCertVerificationError("hostname 'www.lochannakitchens.co.uk' doesn't match either of '*.secure-secure.co.uk', 'secure-secure.co.uk'")))
[INFO] downloaded: images\kitchens\00000111.jpg
[INFO] downloaded: images\kitchens\00000112.jpg
[INFO] downloaded: images\kitchens\00000113.jpg
[INFO] downloaded: images\kitchens\00000114.jpg
[INFO] downloaded: images\kitchens\00000115.jpg
[INFO] downloaded: images\kitchens\00000116.jpg
[INFO] downloaded: images\kitchens\00000117.jpg
[INFO] downloaded: images\kitchens\00000118.jpg
[INFO] downloaded: images\kitchens\00000119.jpg
[INFO] downloaded: images\kitchens\00000120.jpg
[INFO] downloaded: images\kitchens\00000121.jpg
[INFO] downloaded: images\kitchens\00000122.jpg
[INFO] downloaded: images\kitchens\00000123.jpg
[INFO] downloaded: images\kitchens\00000124.jpg
[INFO] downloaded: images\kitchens\00000125.jpg
[INFO] downloaded: images\kitchens\00000126.jpg
[INFO] downloaded: images\kitchens\00000127.jpg
[INFO] downloaded: images\kitchens\00000128.jpg
[INFO] downloaded: images\kitchens\00000129.jpg
[INFO] downloaded: images\kitchens\00000130.jpg
[INFO] downloaded: images\kitchens\00000131.jpg
[INFO] downloaded: images\kitchens\00000132.jpg
[INFO] downloaded: images\kitchens\00000133.jpg
[INFO] downloaded: images\kitchens\00000134.jpg
[INFO] downloaded: images\kitchens\00000135.jpg
[INFO] downloaded: images\kitchens\00000136.jpg
[INFO] downloaded: images\kitchens\00000137.jpg
[INFO] downloaded: images\kitchens\00000138.jpg
[INFO] downloaded: images\kitchens\00000139.jpg
[INFO] downloaded: images\kitchens\00000140.jpg
[INFO] downloaded: images\kitchens\00000141.jpg
[INFO] downloaded: images\kitchens\00000142.jpg
[INFO] downloaded: images\kitchens\00000143.jpg
[INFO] downloaded: images\kitchens\00000144.jpg
[INFO] downloaded: images\kitchens\00000145.jpg
[INFO] downloaded: images\kitchens\00000146.jpg
[INFO] downloaded: images\kitchens\00000147.jpg
[INFO] downloaded: images\kitchens\00000148.jpg
[INFO] downloaded: images\kitchens\00000149.jpg
[INFO] error downloading images\kitchens\00000149.jpg...skipping
[ERROR] error downloading https://newlinekitchendesign.co.uk/wp-content/uploads/top-slide2.jpg
HTTPSConnectionPool(host='newlinekitchendesign.co.uk', port=443): Max retries exceeded with url: /wp-content/uploads/top-slide2.jpg (Caused by SSLError(SSLCertVerificationError("hostname 'newlinekitchendesign.co.uk' doesn't match either of '*.home.pl', 'home.pl'")))
[INFO] downloaded: images\kitchens\00000150.jpg
[INFO] downloaded: images\kitchens\00000151.jpg
[INFO] downloaded: images\kitchens\00000152.jpg
[INFO] downloaded: images\kitchens\00000153.jpg
[INFO] downloaded: images\kitchens\00000154.jpg
[INFO] downloaded: images\kitchens\00000155.jpg
[INFO] downloaded: images\kitchens\00000156.jpg
[INFO] downloaded: images\kitchens\00000157.jpg
[INFO] downloaded: images\kitchens\00000158.jpg
[INFO] downloaded: images\kitchens\00000159.jpg
[INFO] downloaded: images\kitchens\00000160.jpg
[INFO] downloaded: images\kitchens\00000161.jpg
[INFO] downloaded: images\kitchens\00000162.jpg
[INFO] downloaded: images\kitchens\00000163.jpg
[INFO] downloaded: images\kitchens\00000164.jpg
[INFO] downloaded: images\kitchens\00000165.jpg
[INFO] downloaded: images\kitchens\00000166.jpg
[INFO] downloaded: images\kitchens\00000167.jpg
[INFO] downloaded: images\kitchens\00000168.jpg
[INFO] downloaded: images\kitchens\00000169.jpg
[INFO] downloaded: images\kitchens\00000170.jpg
[INFO] downloaded: images\kitchens\00000171.jpg
[INFO] downloaded: images\kitchens\00000172.jpg
[INFO] downloaded: images\kitchens\00000173.jpg
[INFO] downloaded: images\kitchens\00000174.jpg
[INFO] downloaded: images\kitchens\00000175.jpg
[INFO] downloaded: images\kitchens\00000176.jpg
[INFO] downloaded: images\kitchens\00000177.jpg
[INFO] downloaded: images\kitchens\00000178.jpg
[INFO] downloaded: images\kitchens\00000179.jpg
[INFO] downloaded: images\kitchens\00000180.jpg
[INFO] downloaded: images\kitchens\00000181.jpg
[INFO] downloaded: images\kitchens\00000182.jpg
[INFO] downloaded: images\kitchens\00000183.jpg
[INFO] downloaded: images\kitchens\00000184.jpg
[INFO] downloaded: images\kitchens\00000185.jpg
[INFO] downloaded: images\kitchens\00000186.jpg
[INFO] downloaded: images\kitchens\00000187.jpg
[INFO] downloaded: images\kitchens\00000188.jpg
[INFO] downloaded: images\kitchens\00000189.jpg
[INFO] downloaded: images\kitchens\00000190.jpg
[INFO] downloaded: images\kitchens\00000191.jpg
[INFO] downloaded: images\kitchens\00000192.jpg
[INFO] downloaded: images\kitchens\00000193.jpg
[INFO] downloaded: images\kitchens\00000194.jpg
[INFO] downloaded: images\kitchens\00000195.jpg
[INFO] downloaded: images\kitchens\00000196.jpg
[INFO] downloaded: images\kitchens\00000197.jpg
[INFO] downloaded: images\kitchens\00000198.jpg
[INFO] downloaded: images\kitchens\00000199.jpg
[INFO] downloaded: images\kitchens\00000200.jpg
[INFO] downloaded: images\kitchens\00000201.jpg
[INFO] downloaded: images\kitchens\00000202.jpg
[INFO] downloaded: images\kitchens\00000203.jpg
[INFO] downloaded: images\kitchens\00000204.jpg
[INFO] downloaded: images\kitchens\00000205.jpg
[INFO] downloaded: images\kitchens\00000206.jpg
[INFO] downloaded: images\kitchens\00000207.jpg
[INFO] downloaded: images\kitchens\00000208.jpg
[INFO] downloaded: images\kitchens\00000209.jpg
[INFO] downloaded: images\kitchens\00000210.jpg
[INFO] downloaded: images\kitchens\00000211.jpg
[INFO] downloaded: images\kitchens\00000212.jpg
[INFO] downloaded: images\kitchens\00000213.jpg
[INFO] downloaded: images\kitchens\00000214.jpg
[INFO] downloaded: images\kitchens\00000215.jpg
[INFO] downloaded: images\kitchens\00000216.jpg
[INFO] downloaded: images\kitchens\00000217.jpg
[INFO] downloaded: images\kitchens\00000218.jpg
[INFO] downloaded: images\kitchens\00000219.jpg
[INFO] downloaded: images\kitchens\00000220.jpg
[INFO] downloaded: images\kitchens\00000221.jpg
[INFO] downloaded: images\kitchens\00000222.jpg
[INFO] downloaded: images\kitchens\00000223.jpg
[INFO] downloaded: images\kitchens\00000224.jpg
[INFO] downloaded: images\kitchens\00000225.jpg
[INFO] downloaded: images\kitchens\00000226.jpg
[INFO] downloaded: images\kitchens\00000227.jpg
[INFO] downloaded: images\kitchens\00000228.jpg
[INFO] downloaded: images\kitchens\00000229.jpg
[INFO] downloaded: images\kitchens\00000230.jpg
[INFO] downloaded: images\kitchens\00000231.jpg
[INFO] downloaded: images\kitchens\00000232.jpg
[INFO] downloaded: images\kitchens\00000233.jpg
[INFO] downloaded: images\kitchens\00000234.jpg
[INFO] downloaded: images\kitchens\00000235.jpg
[INFO] downloaded: images\kitchens\00000236.jpg
[INFO] downloaded: images\kitchens\00000237.jpg
[INFO] downloaded: images\kitchens\00000238.jpg
[INFO] downloaded: images\kitchens\00000239.jpg
[INFO] downloaded: images\kitchens\00000240.jpg
[INFO] downloaded: images\kitchens\00000241.jpg
[INFO] downloaded: images\kitchens\00000242.jpg
[INFO] downloaded: images\kitchens\00000243.jpg
[INFO] downloaded: images\kitchens\00000244.jpg
[INFO] downloaded: images\kitchens\00000245.jpg
[INFO] downloaded: images\kitchens\00000246.jpg
[INFO] downloaded: images\kitchens\00000247.jpg
[INFO] downloaded: images\kitchens\00000248.jpg
[INFO] downloaded: images\kitchens\00000249.jpg
[INFO] downloaded: images\kitchens\00000250.jpg
[INFO] downloaded: images\kitchens\00000251.jpg
[INFO] downloaded: images\kitchens\00000252.jpg
[INFO] downloaded: images\kitchens\00000253.jpg
[INFO] downloaded: images\kitchens\00000254.jpg
[INFO] downloaded: images\kitchens\00000255.jpg
[INFO] downloaded: images\kitchens\00000256.jpg
[INFO] downloaded: images\kitchens\00000257.jpg
[INFO] downloaded: images\kitchens\00000258.jpg
[INFO] downloaded: images\kitchens\00000259.jpg
[INFO] downloaded: images\kitchens\00000260.jpg
[INFO] downloaded: images\kitchens\00000261.jpg
[INFO] downloaded: images\kitchens\00000262.jpg
[INFO] downloaded: images\kitchens\00000263.jpg
[INFO] downloaded: images\kitchens\00000264.jpg
[INFO] downloaded: images\kitchens\00000265.jpg
[INFO] downloaded: images\kitchens\00000266.jpg
[INFO] downloaded: images\kitchens\00000267.jpg
[INFO] downloaded: images\kitchens\00000268.jpg
[INFO] downloaded: images\kitchens\00000269.jpg
[INFO] downloaded: images\kitchens\00000270.jpg
[INFO] downloaded: images\kitchens\00000271.jpg
[INFO] downloaded: images\kitchens\00000272.jpg
[INFO] downloaded: images\kitchens\00000273.jpg
[INFO] downloaded: images\kitchens\00000274.jpg
[INFO] downloaded: images\kitchens\00000275.jpg
[INFO] downloaded: images\kitchens\00000276.jpg
[INFO] downloaded: images\kitchens\00000277.jpg
[INFO] downloaded: images\kitchens\00000278.jpg
[INFO] downloaded: images\kitchens\00000279.jpg
[INFO] downloaded: images\kitchens\00000280.jpg
[INFO] downloaded: images\kitchens\00000281.jpg
[INFO] downloaded: images\kitchens\00000282.jpg
[INFO] downloaded: images\kitchens\00000283.jpg
[INFO] downloaded: images\kitchens\00000284.jpg
[INFO] downloaded: images\kitchens\00000285.jpg
[INFO] error downloading images\kitchens\00000285.jpg...skipping
[ERROR] error downloading https://stoneham-kitchens.co.uk/wp-content/uploads/news-and-blog-Spotlight-on-black-kitchens-oct-19.png
HTTPSConnectionPool(host='stoneham-kitchens.co.uk', port=443): Max retries exceeded with url: /wp-content/uploads/news-and-blog-Spotlight-on-black-kitchens-oct-19.png (Caused by SSLError(SSLCertVerificationError(1, '[SSL: CERTIFICATE_VERIFY_FAILED] certificate verify failed: unable to get local issuer certificate (_ssl.c:1076)')))
[INFO] downloaded: images\kitchens\00000286.jpg
[INFO] downloaded: images\kitchens\00000287.jpg
[INFO] downloaded: images\kitchens\00000288.jpg
[INFO] downloaded: images\kitchens\00000289.jpg
[INFO] downloaded: images\kitchens\00000290.jpg
[INFO] downloaded: images\kitchens\00000291.jpg
[INFO] downloaded: images\kitchens\00000292.jpg
[INFO] downloaded: images\kitchens\00000293.jpg
[INFO] downloaded: images\kitchens\00000294.jpg
[INFO] downloaded: images\kitchens\00000295.jpg
[INFO] downloaded: images\kitchens\00000296.jpg
[INFO] downloaded: images\kitchens\00000297.jpg
[INFO] downloaded: images\kitchens\00000298.jpg
[INFO] downloaded: images\kitchens\00000299.jpg
[INFO] downloaded: images\kitchens\00000300.jpg
[INFO] downloaded: images\kitchens\00000301.jpg
[INFO] downloaded: images\kitchens\00000302.jpg
[INFO] downloaded: images\kitchens\00000303.jpg
[INFO] downloaded: images\kitchens\00000304.jpg
[INFO] downloaded: images\kitchens\00000305.jpg
[INFO] downloaded: images\kitchens\00000306.jpg
[INFO] downloaded: images\kitchens\00000307.jpg
[INFO] downloaded: images\kitchens\00000308.jpg
[INFO] downloaded: images\kitchens\00000309.jpg
[INFO] downloaded: images\kitchens\00000310.jpg
[INFO] downloaded: images\kitchens\00000311.jpg
[INFO] downloaded: images\kitchens\00000312.jpg
[INFO] downloaded: images\kitchens\00000313.jpg
[INFO] downloaded: images\kitchens\00000314.jpg
[INFO] downloaded: images\kitchens\00000315.jpg
[INFO] downloaded: images\kitchens\00000316.jpg
[INFO] downloaded: images\kitchens\00000317.jpg
[INFO] downloaded: images\kitchens\00000318.jpg
[INFO] downloaded: images\kitchens\00000319.jpg
[INFO] downloaded: images\kitchens\00000320.jpg
[INFO] downloaded: images\kitchens\00000321.jpg
[INFO] downloaded: images\kitchens\00000322.jpg
[INFO] downloaded: images\kitchens\00000323.jpg
[INFO] downloaded: images\kitchens\00000324.jpg
[INFO] downloaded: images\kitchens\00000325.jpg
[INFO] downloaded: images\kitchens\00000326.jpg
[INFO] downloaded: images\kitchens\00000327.jpg
[INFO] downloaded: images\kitchens\00000328.jpg
[INFO] downloaded: images\kitchens\00000329.jpg
[INFO] downloaded: images\kitchens\00000330.jpg
[INFO] downloaded: images\kitchens\00000331.jpg
[INFO] downloaded: images\kitchens\00000332.jpg
[INFO] downloaded: images\kitchens\00000333.jpg
[INFO] downloaded: images\kitchens\00000334.jpg
[INFO] downloaded: images\kitchens\00000335.jpg
[INFO] downloaded: images\kitchens\00000336.jpg
[INFO] downloaded: images\kitchens\00000337.jpg
[INFO] downloaded: images\kitchens\00000338.jpg
[INFO] downloaded: images\kitchens\00000339.jpg
[INFO] downloaded: images\kitchens\00000340.jpg
[INFO] downloaded: images\kitchens\00000341.jpg
[INFO] downloaded: images\kitchens\00000342.jpg
[INFO] downloaded: images\kitchens\00000343.jpg
[INFO] downloaded: images\kitchens\00000344.jpg
[INFO] downloaded: images\kitchens\00000345.jpg
[INFO] downloaded: images\kitchens\00000346.jpg
[INFO] downloaded: images\kitchens\00000347.jpg
[INFO] downloaded: images\kitchens\00000348.jpg
[INFO] downloaded: images\kitchens\00000349.jpg
[INFO] downloaded: images\kitchens\00000350.jpg
[INFO] downloaded: images\kitchens\00000351.jpg
[INFO] downloaded: images\kitchens\00000352.jpg
[INFO] downloaded: images\kitchens\00000353.jpg
[INFO] downloaded: images\kitchens\00000354.jpg
[INFO] downloaded: images\kitchens\00000355.jpg
[INFO] downloaded: images\kitchens\00000356.jpg
[INFO] downloaded: images\kitchens\00000357.jpg
[INFO] downloaded: images\kitchens\00000358.jpg
[INFO] downloaded: images\kitchens\00000359.jpg
[INFO] downloaded: images\kitchens\00000360.jpg
[INFO] downloaded: images\kitchens\00000361.jpg
[INFO] downloaded: images\kitchens\00000362.jpg
[INFO] downloaded: images\kitchens\00000363.jpg
[INFO] downloaded: images\kitchens\00000364.jpg
[INFO] downloaded: images\kitchens\00000365.jpg
[INFO] downloaded: images\kitchens\00000366.jpg
[INFO] downloaded: images\kitchens\00000367.jpg
[INFO] downloaded: images\kitchens\00000368.jpg
[INFO] downloaded: images\kitchens\00000369.jpg
[INFO] downloaded: images\kitchens\00000370.jpg
[INFO] downloaded: images\kitchens\00000371.jpg
[INFO] downloaded: images\kitchens\00000372.jpg
[INFO] downloaded: images\kitchens\00000373.jpg
[INFO] downloaded: images\kitchens\00000374.jpg
[INFO] downloaded: images\kitchens\00000375.jpg
[INFO] downloaded: images\kitchens\00000376.jpg
[INFO] downloaded: images\kitchens\00000377.jpg
[INFO] downloaded: images\kitchens\00000378.jpg
[INFO] downloaded: images\kitchens\00000379.jpg
[INFO] downloaded: images\kitchens\00000380.jpg
[INFO] downloaded: images\kitchens\00000381.jpg
[INFO] downloaded: images\kitchens\00000382.jpg
[INFO] downloaded: images\kitchens\00000383.jpg
[INFO] downloaded: images\kitchens\00000384.jpg
[INFO] downloaded: images\kitchens\00000385.jpg
[INFO] downloaded: images\kitchens\00000386.jpg
[INFO] downloaded: images\kitchens\00000387.jpg
[INFO] downloaded: images\kitchens\00000388.jpg
[INFO] downloaded: images\kitchens\00000389.jpg
[INFO] downloaded: images\kitchens\00000390.jpg
[INFO] downloaded: images\kitchens\00000391.jpg
[INFO] downloaded: images\kitchens\00000392.jpg
[INFO] downloaded: images\kitchens\00000393.jpg
[INFO] downloaded: images\kitchens\00000394.jpg
[INFO] downloaded: images\kitchens\00000395.jpg
[INFO] downloaded: images\kitchens\00000396.jpg
[INFO] downloaded: images\kitchens\00000397.jpg
[INFO] downloaded: images\kitchens\00000398.jpg
[INFO] downloaded: images\kitchens\00000399.jpg
[INFO] downloaded: images\kitchens\00000400.jpg
[INFO] downloaded: images\kitchens\00000401.jpg
[INFO] downloaded: images\kitchens\00000402.jpg
[INFO] downloaded: images\kitchens\00000403.jpg
[INFO] downloaded: images\kitchens\00000404.jpg
[INFO] downloaded: images\kitchens\00000405.jpg
[INFO] downloaded: images\kitchens\00000406.jpg
[INFO] downloaded: images\kitchens\00000407.jpg
[INFO] downloaded: images\kitchens\00000408.jpg
[INFO] downloaded: images\kitchens\00000409.jpg
[INFO] downloaded: images\kitchens\00000410.jpg
[INFO] downloaded: images\kitchens\00000411.jpg
[INFO] downloaded: images\kitchens\00000412.jpg
[INFO] downloaded: images\kitchens\00000413.jpg
[INFO] downloaded: images\kitchens\00000414.jpg
[INFO] downloaded: images\kitchens\00000415.jpg
[INFO] downloaded: images\kitchens\00000416.jpg
[INFO] downloaded: images\kitchens\00000417.jpg
[INFO] downloaded: images\kitchens\00000418.jpg
[INFO] downloaded: images\kitchens\00000419.jpg
[INFO] downloaded: images\kitchens\00000420.jpg
[INFO] downloaded: images\kitchens\00000421.jpg
[INFO] downloaded: images\kitchens\00000422.jpg
[INFO] downloaded: images\kitchens\00000423.jpg
[INFO] downloaded: images\kitchens\00000424.jpg
[INFO] downloaded: images\kitchens\00000425.jpg
[INFO] downloaded: images\kitchens\00000426.jpg
[INFO] downloaded: images\kitchens\00000427.jpg
[INFO] downloaded: images\kitchens\00000428.jpg
[INFO] downloaded: images\kitchens\00000429.jpg
[INFO] downloaded: images\kitchens\00000430.jpg
[INFO] downloaded: images\kitchens\00000431.jpg
[INFO] downloaded: images\kitchens\00000432.jpg
[INFO] downloaded: images\kitchens\00000433.jpg
[INFO] downloaded: images\kitchens\00000434.jpg
[INFO] downloaded: images\kitchens\00000435.jpg
[INFO] downloaded: images\kitchens\00000436.jpg
[INFO] downloaded: images\kitchens\00000437.jpg
[INFO] downloaded: images\kitchens\00000438.jpg
[INFO] downloaded: images\kitchens\00000439.jpg
[INFO] downloaded: images\kitchens\00000440.jpg
[INFO] downloaded: images\kitchens\00000441.jpg
[INFO] downloaded: images\kitchens\00000442.jpg
[INFO] downloaded: images\kitchens\00000443.jpg
[INFO] downloaded: images\kitchens\00000444.jpg
[INFO] downloaded: images\kitchens\00000445.jpg
[INFO] downloaded: images\kitchens\00000446.jpg
[INFO] downloaded: images\kitchens\00000447.jpg
[INFO] downloaded: images\kitchens\00000448.jpg
[INFO] downloaded: images\kitchens\00000449.jpg
[INFO] downloaded: images\kitchens\00000450.jpg
[INFO] downloaded: images\kitchens\00000451.jpg
[INFO] downloaded: images\kitchens\00000452.jpg
[INFO] downloaded: images\kitchens\00000453.jpg
[INFO] downloaded: images\kitchens\00000454.jpg
[INFO] downloaded: images\kitchens\00000455.jpg
[INFO] downloaded: images\kitchens\00000456.jpg
[INFO] downloaded: images\kitchens\00000457.jpg
[INFO] downloaded: images\kitchens\00000458.jpg
[INFO] downloaded: images\kitchens\00000459.jpg
[INFO] downloaded: images\kitchens\00000460.jpg
[INFO] downloaded: images\kitchens\00000461.jpg
[INFO] downloaded: images\kitchens\00000462.jpg
[INFO] downloaded: images\kitchens\00000463.jpg
[INFO] downloaded: images\kitchens\00000464.jpg
[INFO] downloaded: images\kitchens\00000465.jpg
[INFO] downloaded: images\kitchens\00000466.jpg
[INFO] downloaded: images\kitchens\00000467.jpg
[INFO] downloaded: images\kitchens\00000468.jpg
[INFO] downloaded: images\kitchens\00000469.jpg
[INFO] downloaded: images\kitchens\00000470.jpg
[INFO] downloaded: images\kitchens\00000471.jpg
[INFO] downloaded: images\kitchens\00000472.jpg
[INFO] downloaded: images\kitchens\00000473.jpg
[INFO] downloaded: images\kitchens\00000474.jpg
[INFO] downloaded: images\kitchens\00000475.jpg
[INFO] downloaded: images\kitchens\00000476.jpg
[INFO] downloaded: images\kitchens\00000477.jpg
[INFO] downloaded: images\kitchens\00000478.jpg
[INFO] downloaded: images\kitchens\00000479.jpg
[INFO] downloaded: images\kitchens\00000480.jpg
[INFO] downloaded: images\kitchens\00000481.jpg
[INFO] downloaded: images\kitchens\00000482.jpg
[INFO] downloaded: images\kitchens\00000483.jpg
[INFO] downloaded: images\kitchens\00000484.jpg
[INFO] downloaded: images\kitchens\00000485.jpg
[INFO] downloaded: images\kitchens\00000486.jpg
[INFO] downloaded: images\kitchens\00000487.jpg
[INFO] downloaded: images\kitchens\00000488.jpg
[INFO] downloaded: images\kitchens\00000489.jpg
[INFO] downloaded: images\kitchens\00000490.jpg
[INFO] downloaded: images\kitchens\00000491.jpg
[INFO] error downloading images\kitchens\00000491.jpg...skipping
[ERROR] error downloading https://www.dreammaker-remodel.com/wp-content/uploads/2018/07/Kitchen-Slider-1.jpg
('Connection aborted.', RemoteDisconnected('Remote end closed connection without response'))
[INFO] downloaded: images\kitchens\00000492.jpg
[INFO] downloaded: images\kitchens\00000493.jpg
[INFO] downloaded: images\kitchens\00000494.jpg
[INFO] downloaded: images\kitchens\00000495.jpg
[INFO] downloaded: images\kitchens\00000496.jpg
[INFO] downloaded: images\kitchens\00000497.jpg
[INFO] downloaded: images\kitchens\00000498.jpg
[INFO] downloaded: images\kitchens\00000499.jpg
[INFO] downloaded: images\kitchens\00000500.jpg
[INFO] downloaded: images\kitchens\00000501.jpg
[INFO] downloaded: images\kitchens\00000502.jpg
[INFO] downloaded: images\kitchens\00000503.jpg
[INFO] downloaded: images\kitchens\00000504.jpg
[INFO] downloaded: images\kitchens\00000505.jpg
[INFO] downloaded: images\kitchens\00000506.jpg
[INFO] downloaded: images\kitchens\00000507.jpg
[INFO] downloaded: images\kitchens\00000508.jpg
[INFO] downloaded: images\kitchens\00000509.jpg
[INFO] downloaded: images\kitchens\00000510.jpg
[INFO] downloaded: images\kitchens\00000511.jpg
[INFO] downloaded: images\kitchens\00000512.jpg
[INFO] downloaded: images\kitchens\00000513.jpg
[INFO] downloaded: images\kitchens\00000514.jpg
[INFO] downloaded: images\kitchens\00000515.jpg
[INFO] downloaded: images\kitchens\00000516.jpg
[INFO] downloaded: images\kitchens\00000517.jpg
[INFO] downloaded: images\kitchens\00000518.jpg
[INFO] downloaded: images\kitchens\00000519.jpg
[INFO] downloaded: images\kitchens\00000520.jpg
[INFO] downloaded: images\kitchens\00000521.jpg
[INFO] downloaded: images\kitchens\00000522.jpg
[INFO] downloaded: images\kitchens\00000523.jpg
[INFO] downloaded: images\kitchens\00000524.jpg
[INFO] error downloading images\kitchens\00000524.jpg...skipping
[ERROR] error downloading https://www.dreammaker-remodel.com/wp-content/uploads/2018/07/Kitchen-Slider-1.jpg
('Connection aborted.', RemoteDisconnected('Remote end closed connection without response'))
[INFO] downloaded: images\kitchens\00000525.jpg
[INFO] downloaded: images\kitchens\00000526.jpg
[INFO] downloaded: images\kitchens\00000527.jpg
[INFO] downloaded: images\kitchens\00000528.jpg
[INFO] downloaded: images\kitchens\00000529.jpg
[INFO] downloaded: images\kitchens\00000530.jpg
[INFO] downloaded: images\kitchens\00000531.jpg
[INFO] downloaded: images\kitchens\00000532.jpg
[INFO] downloaded: images\kitchens\00000533.jpg
[INFO] downloaded: images\kitchens\00000534.jpg
[INFO] downloaded: images\kitchens\00000535.jpg
[INFO] downloaded: images\kitchens\00000536.jpg
[INFO] downloaded: images\kitchens\00000537.jpg
[INFO] downloaded: images\kitchens\00000538.jpg
[INFO] downloaded: images\kitchens\00000539.jpg
[INFO] downloaded: images\kitchens\00000540.jpg
[INFO] downloaded: images\kitchens\00000541.jpg
[INFO] downloaded: images\kitchens\00000542.jpg
[INFO] downloaded: images\kitchens\00000543.jpg
[INFO] downloaded: images\kitchens\00000544.jpg
[INFO] downloaded: images\kitchens\00000545.jpg
[INFO] downloaded: images\kitchens\00000546.jpg
[INFO] downloaded: images\kitchens\00000547.jpg
[INFO] downloaded: images\kitchens\00000548.jpg
[INFO] downloaded: images\kitchens\00000549.jpg
[INFO] downloaded: images\kitchens\00000550.jpg
[INFO] downloaded: images\kitchens\00000551.jpg
[INFO] downloaded: images\kitchens\00000552.jpg
[INFO] downloaded: images\kitchens\00000553.jpg
[INFO] downloaded: images\kitchens\00000554.jpg
[INFO] downloaded: images\kitchens\00000555.jpg
[INFO] downloaded: images\kitchens\00000556.jpg
[INFO] downloaded: images\kitchens\00000557.jpg
[INFO] downloaded: images\kitchens\00000558.jpg
[INFO] downloaded: images\kitchens\00000559.jpg
[INFO] downloaded: images\kitchens\00000560.jpg
[INFO] downloaded: images\kitchens\00000561.jpg
[INFO] downloaded: images\kitchens\00000562.jpg
[INFO] downloaded: images\kitchens\00000563.jpg
[INFO] downloaded: images\kitchens\00000564.jpg
[INFO] downloaded: images\kitchens\00000565.jpg
[INFO] downloaded: images\kitchens\00000566.jpg
[INFO] downloaded: images\kitchens\00000567.jpg
[INFO] downloaded: images\kitchens\00000568.jpg
[INFO] downloaded: images\kitchens\00000569.jpg
[INFO] downloaded: images\kitchens\00000570.jpg
[INFO] downloaded: images\kitchens\00000571.jpg
[INFO] downloaded: images\kitchens\00000572.jpg
[INFO] downloaded: images\kitchens\00000573.jpg
[INFO] downloaded: images\kitchens\00000574.jpg
[INFO] downloaded: images\kitchens\00000575.jpg
[INFO] downloaded: images\kitchens\00000576.jpg
[INFO] downloaded: images\kitchens\00000577.jpg
[INFO] downloaded: images\kitchens\00000578.jpg
[INFO] downloaded: images\kitchens\00000579.jpg
[INFO] downloaded: images\kitchens\00000580.jpg
[INFO] downloaded: images\kitchens\00000581.jpg
[INFO] downloaded: images\kitchens\00000582.jpg
[INFO] downloaded: images\kitchens\00000583.jpg
[INFO] error downloading images\kitchens\00000583.jpg...skipping
[ERROR] error downloading https://stoneham-kitchens.co.uk/wp-content/uploads/2020/05/case-studies-grey-minimalist-modern-kitchen-1-may-2020-scaled-640x640.jpg
HTTPSConnectionPool(host='stoneham-kitchens.co.uk', port=443): Max retries exceeded with url: /wp-content/uploads/2020/05/case-studies-grey-minimalist-modern-kitchen-1-may-2020-scaled-640x640.jpg (Caused by SSLError(SSLCertVerificationError(1, '[SSL: CERTIFICATE_VERIFY_FAILED] certificate verify failed: unable to get local issuer certificate (_ssl.c:1076)')))
[INFO] downloaded: images\kitchens\00000584.jpg
[INFO] downloaded: images\kitchens\00000585.jpg
[INFO] downloaded: images\kitchens\00000586.jpg
[INFO] downloaded: images\kitchens\00000587.jpg
[INFO] downloaded: images\kitchens\00000588.jpg
[INFO] downloaded: images\kitchens\00000589.jpg
[INFO] downloaded: images\kitchens\00000590.jpg
[INFO] error downloading images\kitchens\00000590.jpg...skipping
[ERROR] error downloading https://www.kellerkitchens.com/uploads/images/kitchens/Moderne-keuken-Evia-Tip-on-Carbon-780x520.jpg
HTTPSConnectionPool(host='www.kellerkitchens.com', port=443): Max retries exceeded with url: /uploads/images/kitchens/Moderne-keuken-Evia-Tip-on-Carbon-780x520.jpg (Caused by SSLError(SSLCertVerificationError(1, '[SSL: CERTIFICATE_VERIFY_FAILED] certificate verify failed: unable to get local issuer certificate (_ssl.c:1076)')))
[INFO] downloaded: images\kitchens\00000591.jpg
[INFO] downloaded: images\kitchens\00000592.jpg
[INFO] downloaded: images\kitchens\00000593.jpg
[INFO] downloaded: images\kitchens\00000594.jpg
[INFO] downloaded: images\kitchens\00000595.jpg
[INFO] downloaded: images\kitchens\00000596.jpg
[INFO] downloaded: images\kitchens\00000597.jpg
[INFO] downloaded: images\kitchens\00000598.jpg
[INFO] downloaded: images\kitchens\00000599.jpg
[INFO] downloaded: images\kitchens\00000600.jpg
[INFO] downloaded: images\kitchens\00000601.jpg
[INFO] downloaded: images\kitchens\00000602.jpg
[INFO] downloaded: images\kitchens\00000603.jpg
[INFO] error downloading images\kitchens\00000603.jpg...skipping
[ERROR] error downloading https://www.kellerkitchens.com/uploads/images/kitchens/Countryside-style-kitchen-design-wooden-kitchen.jpg
HTTPSConnectionPool(host='www.kellerkitchens.com', port=443): Max retries exceeded with url: /uploads/images/kitchens/Countryside-style-kitchen-design-wooden-kitchen.jpg (Caused by SSLError(SSLCertVerificationError(1, '[SSL: CERTIFICATE_VERIFY_FAILED] certificate verify failed: unable to get local issuer certificate (_ssl.c:1076)')))
[INFO] error downloading images\kitchens\00000603.jpg...skipping
[ERROR] error downloading https://stage9.eqstage.co.uk/_userfiles/images/kitchens-shaker-hardwick.jpg
HTTPSConnectionPool(host='stage9.eqstage.co.uk', port=443): Max retries exceeded with url: /_userfiles/images/kitchens-shaker-hardwick.jpg (Caused by SSLError(SSLCertVerificationError(1, '[SSL: CERTIFICATE_VERIFY_FAILED] certificate verify failed: certificate has expired (_ssl.c:1076)')))
[INFO] downloaded: images\kitchens\00000604.jpg
[INFO] downloaded: images\kitchens\00000605.jpg
[INFO] downloaded: images\kitchens\00000606.jpg
[INFO] downloaded: images\kitchens\00000607.jpg
[INFO] downloaded: images\kitchens\00000608.jpg
[INFO] downloaded: images\kitchens\00000609.jpg
[INFO] downloaded: images\kitchens\00000610.jpg
[INFO] downloaded: images\kitchens\00000611.jpg
[INFO] downloaded: images\kitchens\00000612.jpg
[INFO] downloaded: images\kitchens\00000613.jpg
[INFO] downloaded: images\kitchens\00000614.jpg
[INFO] downloaded: images\kitchens\00000615.jpg
[INFO] downloaded: images\kitchens\00000616.jpg
[INFO] downloaded: images\kitchens\00000617.jpg
[INFO] downloaded: images\kitchens\00000618.jpg
[INFO] downloaded: images\kitchens\00000619.jpg
[INFO] downloaded: images\kitchens\00000620.jpg
[INFO] downloaded: images\kitchens\00000621.jpg
[INFO] downloaded: images\kitchens\00000622.jpg
[INFO] downloaded: images\kitchens\00000623.jpg
[INFO] downloaded: images\kitchens\00000624.jpg
[INFO] downloaded: images\kitchens\00000625.jpg
[INFO] downloaded: images\kitchens\00000626.jpg
[INFO] downloaded: images\kitchens\00000627.jpg
[INFO] downloaded: images\kitchens\00000628.jpg
[INFO] downloaded: images\kitchens\00000629.jpg
[INFO] downloaded: images\kitchens\00000630.jpg
[INFO] downloaded: images\kitchens\00000631.jpg
[INFO] downloaded: images\kitchens\00000632.jpg
[INFO] downloaded: images\kitchens\00000633.jpg
[INFO] downloaded: images\kitchens\00000634.jpg
[INFO] downloaded: images\kitchens\00000635.jpg
[INFO] downloaded: images\kitchens\00000636.jpg
[INFO] downloaded: images\kitchens\00000637.jpg
[INFO] downloaded: images\kitchens\00000638.jpg
[INFO] downloaded: images\kitchens\00000639.jpg
[INFO] downloaded: images\kitchens\00000640.jpg
[INFO] downloaded: images\kitchens\00000641.jpg
[INFO] downloaded: images\kitchens\00000642.jpg
[INFO] downloaded: images\kitchens\00000643.jpg
[INFO] error downloading images\kitchens\00000643.jpg...skipping
[ERROR] error downloading https://www.ayakitchens.com/images/media/video/videocover_transdreamkitreno.jpg
HTTPSConnectionPool(host='www.ayakitchens.com', port=443): Max retries exceeded with url: /images/media/video/videocover_transdreamkitreno.jpg (Caused by SSLError(SSLCertVerificationError(1, '[SSL: CERTIFICATE_VERIFY_FAILED] certificate verify failed: unable to get local issuer certificate (_ssl.c:1076)')))
[INFO] downloaded: images\kitchens\00000644.jpg
[INFO] downloaded: images\kitchens\00000645.jpg
[INFO] downloaded: images\kitchens\00000646.jpg
[INFO] downloaded: images\kitchens\00000647.jpg
[INFO] downloaded: images\kitchens\00000648.jpg
[INFO] downloaded: images\kitchens\00000649.jpg
[INFO] downloaded: images\kitchens\00000650.jpg
[INFO] downloaded: images\kitchens\00000651.jpg
[INFO] downloaded: images\kitchens\00000652.jpg
[INFO] downloaded: images\kitchens\00000653.jpg
[INFO] downloaded: images\kitchens\00000654.jpg
[INFO] downloaded: images\kitchens\00000655.jpg
[INFO] downloaded: images\kitchens\00000656.jpg
[INFO] downloaded: images\kitchens\00000657.jpg
[INFO] downloaded: images\kitchens\00000658.jpg
[INFO] downloaded: images\kitchens\00000659.jpg
[INFO] downloaded: images\kitchens\00000660.jpg
[INFO] downloaded: images\kitchens\00000661.jpg
[INFO] downloaded: images\kitchens\00000662.jpg
[INFO] downloaded: images\kitchens\00000663.jpg
[INFO] downloaded: images\kitchens\00000664.jpg
[INFO] downloaded: images\kitchens\00000665.jpg
[INFO] downloaded: images\kitchens\00000666.jpg
[INFO] downloaded: images\kitchens\00000667.jpg
[INFO] downloaded: images\kitchens\00000668.jpg
[INFO] downloaded: images\kitchens\00000669.jpg
[INFO] downloaded: images\kitchens\00000670.jpg
[INFO] downloaded: images\kitchens\00000671.jpg
[INFO] error downloading images\kitchens\00000671.jpg...skipping
[ERROR] error downloading https://stoneham-kitchens.co.uk/wp-content/uploads/2020/05/dark-blue-kitchen-with-island-3-may-2020-640x640.jpg
HTTPSConnectionPool(host='stoneham-kitchens.co.uk', port=443): Max retries exceeded with url: /wp-content/uploads/2020/05/dark-blue-kitchen-with-island-3-may-2020-640x640.jpg (Caused by SSLError(SSLCertVerificationError(1, '[SSL: CERTIFICATE_VERIFY_FAILED] certificate verify failed: unable to get local issuer certificate (_ssl.c:1076)')))
[INFO] downloaded: images\kitchens\00000672.jpg
[INFO] downloaded: images\kitchens\00000673.jpg
[INFO] downloaded: images\kitchens\00000674.jpg
[INFO] downloaded: images\kitchens\00000675.jpg
[INFO] downloaded: images\kitchens\00000676.jpg
[INFO] downloaded: images\kitchens\00000677.jpg
[INFO] downloaded: images\kitchens\00000678.jpg
[INFO] downloaded: images\kitchens\00000679.jpg
[INFO] error downloading images\kitchens\00000679.jpg...skipping
[ERROR] error downloading https://www.naturekast.com/wp-content/uploads/2020/01/outdoor-kitchen-with-a-view-by-jeff-davis-nahb-montverde-florida.jpg
HTTPSConnectionPool(host='www.naturekast.com', port=443): Max retries exceeded with url: /wp-content/uploads/2020/01/outdoor-kitchen-with-a-view-by-jeff-davis-nahb-montverde-florida.jpg (Caused by SSLError(SSLCertVerificationError(1, '[SSL: CERTIFICATE_VERIFY_FAILED] certificate verify failed: unable to get local issuer certificate (_ssl.c:1076)')))
[INFO] downloaded: images\kitchens\00000680.jpg
[INFO] downloaded: images\kitchens\00000681.jpg
[INFO] downloaded: images\kitchens\00000682.jpg
[INFO] downloaded: images\kitchens\00000683.jpg
[INFO] downloaded: images\kitchens\00000684.jpg
[INFO] downloaded: images\kitchens\00000685.jpg
[INFO] downloaded: images\kitchens\00000686.jpg
[INFO] downloaded: images\kitchens\00000687.jpg
[INFO] downloaded: images\kitchens\00000688.jpg
[INFO] error downloading images\kitchens\00000688.jpg...skipping
[ERROR] error downloading https://www.kellerkitchens.com/uploads/images/kitchens/Industriele-keuken-bolton-metaal-zwart.jpg
HTTPSConnectionPool(host='www.kellerkitchens.com', port=443): Max retries exceeded with url: /uploads/images/kitchens/Industriele-keuken-bolton-metaal-zwart.jpg (Caused by SSLError(SSLCertVerificationError(1, '[SSL: CERTIFICATE_VERIFY_FAILED] certificate verify failed: unable to get local issuer certificate (_ssl.c:1076)')))
[INFO] downloaded: images\kitchens\00000689.jpg
[INFO] downloaded: images\kitchens\00000690.jpg
[INFO] downloaded: images\kitchens\00000691.jpg
[INFO] downloaded: images\kitchens\00000692.jpg
[INFO] downloaded: images\kitchens\00000693.jpg
[INFO] downloaded: images\kitchens\00000694.jpg
[INFO] downloaded: images\kitchens\00000695.jpg
[INFO] downloaded: images\kitchens\00000696.jpg
[INFO] downloaded: images\kitchens\00000697.jpg
[INFO] downloaded: images\kitchens\00000698.jpg
[INFO] downloaded: images\kitchens\00000699.jpg
[INFO] downloaded: images\kitchens\00000700.jpg
[INFO] downloaded: images\kitchens\00000701.jpg
[INFO] downloaded: images\kitchens\00000702.jpg
[INFO] downloaded: images\kitchens\00000703.jpg
[INFO] downloaded: images\kitchens\00000704.jpg
[INFO] downloaded: images\kitchens\00000705.jpg
[INFO] downloaded: images\kitchens\00000706.jpg
[INFO] downloaded: images\kitchens\00000707.jpg
[INFO] downloaded: images\kitchens\00000708.jpg
[INFO] downloaded: images\kitchens\00000709.jpg
[INFO] downloaded: images\kitchens\00000710.jpg
[INFO] downloaded: images\kitchens\00000711.jpg
[INFO] downloaded: images\kitchens\00000712.jpg
[INFO] downloaded: images\kitchens\00000713.jpg
[INFO] downloaded: images\kitchens\00000714.jpg
[INFO] downloaded: images\kitchens\00000715.jpg
[INFO] downloaded: images\kitchens\00000716.jpg
[INFO] downloaded: images\kitchens\00000717.jpg
[INFO] downloaded: images\kitchens\00000718.jpg
[INFO] downloaded: images\kitchens\00000719.jpg
[INFO] downloaded: images\kitchens\00000720.jpg
[INFO] downloaded: images\kitchens\00000721.jpg
[INFO] downloaded: images\kitchens\00000722.jpg
[INFO] downloaded: images\kitchens\00000723.jpg
[INFO] downloaded: images\kitchens\00000724.jpg
[INFO] downloaded: images\kitchens\00000725.jpg
[INFO] downloaded: images\kitchens\00000726.jpg
[INFO] downloaded: images\kitchens\00000727.jpg
[INFO] downloaded: images\kitchens\00000728.jpg
[INFO] downloaded: images\kitchens\00000729.jpg
[INFO] downloaded: images\kitchens\00000730.jpg
[INFO] downloaded: images\kitchens\00000731.jpg
[INFO] downloaded: images\kitchens\00000732.jpg
[INFO] downloaded: images\kitchens\00000733.jpg
[INFO] downloaded: images\kitchens\00000734.jpg
[INFO] error downloading images\kitchens\00000734.jpg...skipping
[ERROR] error downloading https://stoneham-kitchens.co.uk/wp-content/uploads/case-studies-blue-shaker-style-kitchen-1-feb-2020-640x640.jpg
HTTPSConnectionPool(host='stoneham-kitchens.co.uk', port=443): Max retries exceeded with url: /wp-content/uploads/case-studies-blue-shaker-style-kitchen-1-feb-2020-640x640.jpg (Caused by SSLError(SSLCertVerificationError(1, '[SSL: CERTIFICATE_VERIFY_FAILED] certificate verify failed: unable to get local issuer certificate (_ssl.c:1076)')))
[INFO] downloaded: images\kitchens\00000735.jpg
[INFO] downloaded: images\kitchens\00000736.jpg
[INFO] downloaded: images\kitchens\00000737.jpg
[INFO] downloaded: images\kitchens\00000738.jpg
[INFO] downloaded: images\kitchens\00000739.jpg
[INFO] downloaded: images\kitchens\00000740.jpg
[INFO] downloaded: images\kitchens\00000741.jpg
[INFO] downloaded: images\kitchens\00000742.jpg
[INFO] downloaded: images\kitchens\00000743.jpg
[INFO] downloaded: images\kitchens\00000744.jpg
[INFO] downloaded: images\kitchens\00000745.jpg
[INFO] downloaded: images\kitchens\00000746.jpg
[INFO] downloaded: images\kitchens\00000747.jpg
[INFO] downloaded: images\kitchens\00000748.jpg
[INFO] downloaded: images\kitchens\00000749.jpg
[INFO] downloaded: images\kitchens\00000750.jpg
[INFO] downloaded: images\kitchens\00000751.jpg
[INFO] downloaded: images\kitchens\00000752.jpg
[INFO] downloaded: images\kitchens\00000753.jpg
[INFO] downloaded: images\kitchens\00000754.jpg
[INFO] downloaded: images\kitchens\00000755.jpg
[INFO] downloaded: images\kitchens\00000756.jpg
[INFO] downloaded: images\kitchens\00000757.jpg
[INFO] downloaded: images\kitchens\00000758.jpg
[INFO] downloaded: images\kitchens\00000759.jpg
[INFO] downloaded: images\kitchens\00000760.jpg
[INFO] downloaded: images\kitchens\00000761.jpg
[INFO] downloaded: images\kitchens\00000762.jpg
[INFO] downloaded: images\kitchens\00000763.jpg
[INFO] downloaded: images\kitchens\00000764.jpg
[INFO] downloaded: images\kitchens\00000765.jpg
[INFO] downloaded: images\kitchens\00000766.jpg
[INFO] downloaded: images\kitchens\00000767.jpg
[INFO] downloaded: images\kitchens\00000768.jpg
[INFO] downloaded: images\kitchens\00000769.jpg
[INFO] downloaded: images\kitchens\00000770.jpg
[INFO] downloaded: images\kitchens\00000771.jpg
[INFO] downloaded: images\kitchens\00000772.jpg
[INFO] downloaded: images\kitchens\00000773.jpg
[INFO] downloaded: images\kitchens\00000774.jpg
[INFO] downloaded: images\kitchens\00000775.jpg
[INFO] downloaded: images\kitchens\00000776.jpg
[INFO] downloaded: images\kitchens\00000777.jpg
[INFO] downloaded: images\kitchens\00000778.jpg
[INFO] downloaded: images\kitchens\00000779.jpg
[INFO] downloaded: images\kitchens\00000780.jpg
[INFO] downloaded: images\kitchens\00000781.jpg
[INFO] downloaded: images\kitchens\00000782.jpg
[INFO] downloaded: images\kitchens\00000783.jpg
[INFO] downloaded: images\kitchens\00000784.jpg
[INFO] downloaded: images\kitchens\00000785.jpg
[INFO] downloaded: images\kitchens\00000786.jpg
[INFO] downloaded: images\kitchens\00000787.jpg
[INFO] downloaded: images\kitchens\00000788.jpg
[INFO] downloaded: images\kitchens\00000789.jpg
[INFO] downloaded: images\kitchens\00000790.jpg
[INFO] downloaded: images\kitchens\00000791.jpg
[INFO] downloaded: images\kitchens\00000792.jpg
[INFO] downloaded: images\kitchens\00000793.jpg
[INFO] downloaded: images\kitchens\00000794.jpg
[INFO] downloaded: images\kitchens\00000795.jpg
[INFO] downloaded: images\kitchens\00000796.jpg
[INFO] downloaded: images\kitchens\00000797.jpg
[INFO] downloaded: images\kitchens\00000798.jpg
[INFO] downloaded: images\kitchens\00000799.jpg
[INFO] downloaded: images\kitchens\00000800.jpg
[INFO] downloaded: images\kitchens\00000801.jpg
[INFO] downloaded: images\kitchens\00000802.jpg
[INFO] downloaded: images\kitchens\00000803.jpg
[INFO] downloaded: images\kitchens\00000804.jpg
[INFO] downloaded: images\kitchens\00000805.jpg
[INFO] downloaded: images\kitchens\00000806.jpg
[INFO] downloaded: images\kitchens\00000807.jpg
[INFO] downloaded: images\kitchens\00000808.jpg
[INFO] downloaded: images\kitchens\00000809.jpg
[INFO] downloaded: images\kitchens\00000810.jpg
[INFO] downloaded: images\kitchens\00000811.jpg
[INFO] downloaded: images\kitchens\00000812.jpg
[INFO] downloaded: images\kitchens\00000813.jpg
[INFO] downloaded: images\kitchens\00000814.jpg
[INFO] downloaded: images\kitchens\00000815.jpg
[INFO] downloaded: images\kitchens\00000816.jpg
[INFO] downloaded: images\kitchens\00000817.jpg
[INFO] downloaded: images\kitchens\00000818.jpg
[INFO] downloaded: images\kitchens\00000819.jpg
[INFO] downloaded: images\kitchens\00000820.jpg
[INFO] downloaded: images\kitchens\00000821.jpg
[INFO] downloaded: images\kitchens\00000822.jpg
[INFO] downloaded: images\kitchens\00000823.jpg
[INFO] downloaded: images\kitchens\00000824.jpg
[INFO] downloaded: images\kitchens\00000825.jpg
[INFO] downloaded: images\kitchens\00000826.jpg
[INFO] downloaded: images\kitchens\00000827.jpg
[INFO] downloaded: images\kitchens\00000828.jpg
[INFO] downloaded: images\kitchens\00000829.jpg
[INFO] downloaded: images\kitchens\00000830.jpg
[INFO] downloaded: images\kitchens\00000831.jpg
[INFO] downloaded: images\kitchens\00000832.jpg
[INFO] downloaded: images\kitchens\00000833.jpg
[INFO] downloaded: images\kitchens\00000834.jpg
[INFO] downloaded: images\kitchens\00000835.jpg
[INFO] downloaded: images\kitchens\00000836.jpg
[INFO] downloaded: images\kitchens\00000837.jpg
[INFO] downloaded: images\kitchens\00000838.jpg
[INFO] downloaded: images\kitchens\00000839.jpg
[INFO] downloaded: images\kitchens\00000840.jpg
[INFO] downloaded: images\kitchens\00000841.jpg
[INFO] downloaded: images\kitchens\00000842.jpg
[INFO] downloaded: images\kitchens\00000843.jpg
[INFO] downloaded: images\kitchens\00000844.jpg
[INFO] downloaded: images\kitchens\00000845.jpg
[INFO] downloaded: images\kitchens\00000846.jpg
[INFO] downloaded: images\kitchens\00000847.jpg
[INFO] downloaded: images\kitchens\00000848.jpg
[INFO] downloaded: images\kitchens\00000849.jpg
[INFO] downloaded: images\kitchens\00000850.jpg
[INFO] downloaded: images\kitchens\00000851.jpg
[INFO] downloaded: images\kitchens\00000852.jpg
[INFO] downloaded: images\kitchens\00000853.jpg
[INFO] downloaded: images\kitchens\00000854.jpg
[INFO] downloaded: images\kitchens\00000855.jpg
[INFO] downloaded: images\kitchens\00000856.jpg
[INFO] downloaded: images\kitchens\00000857.jpg
[INFO] downloaded: images\kitchens\00000858.jpg
[INFO] downloaded: images\kitchens\00000859.jpg
[INFO] downloaded: images\kitchens\00000860.jpg
[INFO] downloaded: images\kitchens\00000861.jpg
[INFO] downloaded: images\kitchens\00000862.jpg
[INFO] downloaded: images\kitchens\00000863.jpg
[INFO] downloaded: images\kitchens\00000864.jpg
[INFO] downloaded: images\kitchens\00000865.jpg
[INFO] downloaded: images\kitchens\00000866.jpg
[INFO] downloaded: images\kitchens\00000867.jpg
[INFO] downloaded: images\kitchens\00000868.jpg
[INFO] downloaded: images\kitchens\00000869.jpg
[INFO] downloaded: images\kitchens\00000870.jpg
[INFO] downloaded: images\kitchens\00000871.jpg
[INFO] downloaded: images\kitchens\00000872.jpg
[INFO] downloaded: images\kitchens\00000873.jpg
[INFO] downloaded: images\kitchens\00000874.jpg
[INFO] downloaded: images\kitchens\00000875.jpg
[INFO] downloaded: images\kitchens\00000876.jpg
[INFO] downloaded: images\kitchens\00000877.jpg
[INFO] downloaded: images\kitchens\00000878.jpg
[INFO] downloaded: images\kitchens\00000879.jpg
[INFO] downloaded: images\kitchens\00000880.jpg
[INFO] downloaded: images\kitchens\00000881.jpg
[INFO] downloaded: images\kitchens\00000882.jpg
[INFO] downloaded: images\kitchens\00000883.jpg
[INFO] downloaded: images\kitchens\00000884.jpg
[INFO] downloaded: images\kitchens\00000885.jpg
[INFO] downloaded: images\kitchens\00000886.jpg
None
[INFO] deleting images\kitchens\00000006.jpg
None
[INFO] deleting images\kitchens\00000010.jpg
None
[INFO] deleting images\kitchens\00000021.jpg
None
[INFO] deleting images\kitchens\00000039.jpg
None
[INFO] deleting images\kitchens\00000047.jpg
None
[INFO] deleting images\kitchens\00000054.jpg
None
[INFO] deleting images\kitchens\00000061.jpg
None
[INFO] deleting images\kitchens\00000083.jpg
None
[INFO] deleting images\kitchens\00000091.jpg
None
[INFO] deleting images\kitchens\00000097.jpg
None
[INFO] deleting images\kitchens\00000098.jpg
None
[INFO] deleting images\kitchens\00000099.jpg
None
[INFO] deleting images\kitchens\00000117.jpg
None
[INFO] deleting images\kitchens\00000177.jpg
None
[INFO] deleting images\kitchens\00000187.jpg
None
[INFO] deleting images\kitchens\00000189.jpg
None
[INFO] deleting images\kitchens\00000196.jpg
None
[INFO] deleting images\kitchens\00000197.jpg
None
[INFO] deleting images\kitchens\00000210.jpg
None
[INFO] deleting images\kitchens\00000219.jpg
None
[INFO] deleting images\kitchens\00000233.jpg
None
[INFO] deleting images\kitchens\00000262.jpg
None
[INFO] deleting images\kitchens\00000269.jpg
None
[INFO] deleting images\kitchens\00000304.jpg
None
[INFO] deleting images\kitchens\00000317.jpg
None
[INFO] deleting images\kitchens\00000332.jpg
None
[INFO] deleting images\kitchens\00000348.jpg
None
[INFO] deleting images\kitchens\00000357.jpg
None
[INFO] deleting images\kitchens\00000380.jpg
None
[INFO] deleting images\kitchens\00000400.jpg
None
[INFO] deleting images\kitchens\00000403.jpg
None
[INFO] deleting images\kitchens\00000406.jpg
None
[INFO] deleting images\kitchens\00000412.jpg
None
[INFO] deleting images\kitchens\00000423.jpg
None
[INFO] deleting images\kitchens\00000427.jpg
None
[INFO] deleting images\kitchens\00000432.jpg
None
[INFO] deleting images\kitchens\00000436.jpg
None
[INFO] deleting images\kitchens\00000479.jpg
None
[INFO] deleting images\kitchens\00000486.jpg
None
[INFO] deleting images\kitchens\00000511.jpg
None
[INFO] deleting images\kitchens\00000513.jpg
None
[INFO] deleting images\kitchens\00000520.jpg
None
[INFO] deleting images\kitchens\00000531.jpg
None
[INFO] deleting images\kitchens\00000534.jpg
None
[INFO] deleting images\kitchens\00000562.jpg
None
[INFO] deleting images\kitchens\00000563.jpg
None
[INFO] deleting images\kitchens\00000567.jpg
None
[INFO] deleting images\kitchens\00000580.jpg
None
[INFO] deleting images\kitchens\00000590.jpg
None
[INFO] deleting images\kitchens\00000593.jpg
None
[INFO] deleting images\kitchens\00000595.jpg
None
[INFO] deleting images\kitchens\00000601.jpg
None
[INFO] deleting images\kitchens\00000606.jpg
None
[INFO] deleting images\kitchens\00000618.jpg
None
[INFO] deleting images\kitchens\00000637.jpg
None
[INFO] deleting images\kitchens\00000653.jpg
None
[INFO] deleting images\kitchens\00000657.jpg
None
[INFO] deleting images\kitchens\00000669.jpg
None
[INFO] deleting images\kitchens\00000725.jpg
None
[INFO] deleting images\kitchens\00000732.jpg
None
[INFO] deleting images\kitchens\00000740.jpg
None
[INFO] deleting images\kitchens\00000763.jpg
None
[INFO] deleting images\kitchens\00000787.jpg
None
[INFO] deleting images\kitchens\00000810.jpg
None
[INFO] deleting images\kitchens\00000849.jpg
None
[INFO] deleting images\kitchens\00000874.jpg
libpng warning: iCCP: known incorrect sRGB profile

Process finished with exit code 0
